{"numFailedTestSuites":4,"numFailedTests":11,"numPassedTestSuites":20,"numPassedTests":273,"numPendingTestSuites":0,"numPendingTests":0,"numRuntimeErrorTestSuites":0,"numTodoTests":0,"numTotalTestSuites":24,"numTotalTests":284,"openHandles":[],"snapshot":{"added":0,"didUpdate":false,"failure":false,"filesAdded":0,"filesRemoved":0,"filesRemovedList":[],"filesUnmatched":0,"filesUpdated":0,"matched":0,"total":0,"unchecked":0,"uncheckedKeysByFile":[],"unmatched":0,"updated":0},"startTime":1777951664223,"success":false,"testResults":[{"assertionResults":[{"ancestorTitles":["authGuard"],"duration":31,"failing":false,"failureDetails":[],"failureMessages":[],"fullName":"authGuard should return true if authenticated","invocations":1,"location":null,"numPassingAsserts":1,"retryReasons":[],"startAt":1777951667114,"status":"passed","title":"should return true if authenticated"},{"ancestorTitles":["authGuard"],"duration":8,"failing":false,"failureDetails":[],"failureMessages":[],"fullName":"authGuard should navigate to /login and return false if not authenticated","invocations":1,"location":null,"numPassingAsserts":2,"retryReasons":[],"startAt":1777951667146,"status":"passed","title":"should navigate to /login and return false if not authenticated"}],"endTime":1777951667156,"message":"","name":"/home/alejandro/Escritorio/Trabajo de campo/frontend-casualidad-app/src/app/core/guards/auth.guard.spec.ts","startTime":1777951665712,"status":"passed","summary":""},{"assertionResults":[{"ancestorTitles":["authInterceptor"],"duration":37,"failing":false,"failureDetails":[],"failureMessages":[],"fullName":"authInterceptor should add Authorization header if token exists","invocations":1,"location":null,"numPassingAsserts":1,"retryReasons":[],"startAt":1777951667098,"status":"passed","title":"should add Authorization header if token exists"},{"ancestorTitles":["authInterceptor"],"duration":7,"failing":false,"failureDetails":[],"failureMessages":[],"fullName":"authInterceptor should not add Authorization header if token does not exist","invocations":1,"location":null,"numPassingAsserts":1,"retryReasons":[],"startAt":1777951667136,"status":"passed","title":"should not add Authorization header if token does not exist"},{"ancestorTitles":["authInterceptor"],"duration":11,"failing":false,"failureDetails":[],"failureMessages":[],"fullName":"authInterceptor should clear session and navigate to /login on 401 error","invocations":1,"location":null,"numPassingAsserts":3,"retryReasons":[],"startAt":1777951667143,"status":"passed","title":"should clear session and navigate to /login on 401 error"},{"ancestorTitles":["authInterceptor"],"duration":9,"failing":false,"failureDetails":[],"failureMessages":[],"fullName":"authInterceptor should only throw error if status is not 401","invocations":1,"location":null,"numPassingAsserts":2,"retryReasons":[],"startAt":1777951667155,"status":"passed","title":"should only throw error if status is not 401"}],"endTime":1777951667166,"message":"","name":"/home/alejandro/Escritorio/Trabajo de campo/frontend-casualidad-app/src/app/core/interceptors/auth.interceptor.spec.ts","startTime":1777951665733,"status":"passed","summary":""},{"assertionResults":[{"ancestorTitles":["OrderService"],"duration":43,"failing":false,"failureDetails":[],"failureMessages":[],"fullName":"OrderService should fetch all orders","invocations":1,"location":null,"numPassingAsserts":0,"retryReasons":[],"startAt":1777951667074,"status":"passed","title":"should fetch all orders"},{"ancestorTitles":["OrderService"],"duration":19,"failing":false,"failureDetails":[],"failureMessages":[],"fullName":"OrderService should create order with various payload options","invocations":1,"location":null,"numPassingAsserts":3,"retryReasons":[],"startAt":1777951667118,"status":"passed","title":"should create order with various payload options"},{"ancestorTitles":["OrderService"],"duration":11,"failing":false,"failureDetails":[],"failureMessages":[],"fullName":"OrderService should update order with various payload options","invocations":1,"location":null,"numPassingAsserts":2,"retryReasons":[],"startAt":1777951667137,"status":"passed","title":"should update order with various payload options"},{"ancestorTitles":["OrderService"],"duration":16,"failing":false,"failureDetails":[],"failureMessages":[],"fullName":"OrderService should handle actions","invocations":1,"location":null,"numPassingAsserts":0,"retryReasons":[],"startAt":1777951667149,"status":"passed","title":"should handle actions"}],"endTime":1777951667167,"message":"","name":"/home/alejandro/Escritorio/Trabajo de campo/frontend-casualidad-app/src/app/core/services/order.service.spec.ts","startTime":1777951665770,"status":"passed","summary":""},{"assertionResults":[{"ancestorTitles":["PaginationComponent"],"duration":93,"failing":false,"failureDetails":[],"failureMessages":[],"fullName":"PaginationComponent should create","invocations":1,"location":null,"numPassingAsserts":1,"retryReasons":[],"startAt":1777951667005,"status":"passed","title":"should create"},{"ancestorTitles":["PaginationComponent"],"duration":21,"failing":false,"failureDetails":[],"failureMessages":[],"fullName":"PaginationComponent should calculate pagination correctly on changes","invocations":1,"location":null,"numPassingAsserts":3,"retryReasons":[],"startAt":1777951667100,"status":"passed","title":"should calculate pagination correctly on changes"},{"ancestorTitles":["PaginationComponent"],"duration":11,"failing":false,"failureDetails":[],"failureMessages":[],"fullName":"PaginationComponent should calculate displayed items correctly for last page","invocations":1,"location":null,"numPassingAsserts":1,"retryReasons":[],"startAt":1777951667121,"status":"passed","title":"should calculate displayed items correctly for last page"},{"ancestorTitles":["PaginationComponent"],"duration":13,"failing":false,"failureDetails":[],"failureMessages":[],"fullName":"PaginationComponent should prevent negative displayed items","invocations":1,"location":null,"numPassingAsserts":1,"retryReasons":[],"startAt":1777951667133,"status":"passed","title":"should prevent negative displayed items"},{"ancestorTitles":["PaginationComponent"],"duration":11,"failing":false,"failureDetails":[],"failureMessages":[],"fullName":"PaginationComponent should default totalPages to 1 if totalItems is 0","invocations":1,"location":null,"numPassingAsserts":2,"retryReasons":[],"startAt":1777951667147,"status":"passed","title":"should default totalPages to 1 if totalItems is 0"},{"ancestorTitles":["PaginationComponent"],"duration":14,"failing":false,"failureDetails":[],"failureMessages":[],"fullName":"PaginationComponent should emit pageChange when onPageChange is called with a valid page","invocations":1,"location":null,"numPassingAsserts":1,"retryReasons":[],"startAt":1777951667159,"status":"passed","title":"should emit pageChange when onPageChange is called with a valid page"},{"ancestorTitles":["PaginationComponent"],"duration":12,"failing":false,"failureDetails":[],"failureMessages":[],"fullName":"PaginationComponent should not emit pageChange for out of bounds or same page","invocations":1,"location":null,"numPassingAsserts":1,"retryReasons":[],"startAt":1777951667173,"status":"passed","title":"should not emit pageChange for out of bounds or same page"}],"endTime":1777951667187,"message":"","name":"/home/alejandro/Escritorio/Trabajo de campo/frontend-casualidad-app/src/app/shared/pagination/pagination.spec.ts","startTime":1777951665694,"status":"passed","summary":""},{"assertionResults":[{"ancestorTitles":["PaymentService"],"duration":37,"failing":false,"failureDetails":[],"failureMessages":[],"fullName":"PaymentService should be created","invocations":1,"location":null,"numPassingAsserts":1,"retryReasons":[],"startAt":1777951667088,"status":"passed","title":"should be created"},{"ancestorTitles":["PaymentService"],"duration":22,"failing":false,"failureDetails":[],"failureMessages":[],"fullName":"PaymentService should registrarAbono","invocations":1,"location":null,"numPassingAsserts":3,"retryReasons":[],"startAt":1777951667125,"status":"passed","title":"should registrarAbono"},{"ancestorTitles":["PaymentService"],"duration":12,"failing":false,"failureDetails":[],"failureMessages":[],"fullName":"PaymentService should registrarAbono with transferencia and referencia","invocations":1,"location":null,"numPassingAsserts":1,"retryReasons":[],"startAt":1777951667148,"status":"passed","title":"should registrarAbono with transferencia and referencia"},{"ancestorTitles":["PaymentService"],"duration":38,"failing":false,"failureDetails":[],"failureMessages":[],"fullName":"PaymentService should editarAbono","invocations":1,"location":null,"numPassingAsserts":1,"retryReasons":[],"startAt":1777951667160,"status":"passed","title":"should editarAbono"},{"ancestorTitles":["PaymentService"],"duration":12,"failing":false,"failureDetails":[],"failureMessages":[],"fullName":"PaymentService should eliminarAbono","invocations":1,"location":null,"numPassingAsserts":1,"retryReasons":[],"startAt":1777951667198,"status":"passed","title":"should eliminarAbono"},{"ancestorTitles":["PaymentService"],"duration":10,"failing":false,"failureDetails":[],"failureMessages":[],"fullName":"PaymentService should getReporteIngresos","invocations":1,"location":null,"numPassingAsserts":2,"retryReasons":[],"startAt":1777951667211,"status":"passed","title":"should getReporteIngresos"},{"ancestorTitles":["PaymentService"],"duration":14,"failing":false,"failureDetails":[],"failureMessages":[],"fullName":"PaymentService should exportarReporteIngresos","invocations":1,"location":null,"numPassingAsserts":2,"retryReasons":[],"startAt":1777951667221,"status":"passed","title":"should exportarReporteIngresos"},{"ancestorTitles":["PaymentService"],"duration":10,"failing":false,"failureDetails":[],"failureMessages":[],"fullName":"PaymentService should getSaldosPendientes","invocations":1,"location":null,"numPassingAsserts":1,"retryReasons":[],"startAt":1777951667235,"status":"passed","title":"should getSaldosPendientes"},{"ancestorTitles":["PaymentService"],"duration":18,"failing":false,"failureDetails":[],"failureMessages":[],"fullName":"PaymentService should exportarSaldosPendientes","invocations":1,"location":null,"numPassingAsserts":2,"retryReasons":[],"startAt":1777951667245,"status":"passed","title":"should exportarSaldosPendientes"},{"ancestorTitles":["PaymentService"],"duration":14,"failing":false,"failureDetails":[],"failureMessages":[],"fullName":"PaymentService should create via registrarAbono (deprecated)","invocations":1,"location":null,"numPassingAsserts":0,"retryReasons":[],"startAt":1777951667265,"status":"passed","title":"should create via registrarAbono (deprecated)"},{"ancestorTitles":["PaymentService"],"duration":19,"failing":false,"failureDetails":[],"failureMessages":[],"fullName":"PaymentService should emit error from create when idPedido is missing","invocations":1,"location":null,"numPassingAsserts":1,"retryReasons":[],"startAt":1777951667280,"status":"passed","title":"should emit error from create when idPedido is missing"},{"ancestorTitles":["PaymentService"],"duration":9,"failing":false,"failureDetails":[],"failureMessages":[],"fullName":"PaymentService should emit error from delete (deprecated)","invocations":1,"location":null,"numPassingAsserts":1,"retryReasons":[],"startAt":1777951667300,"status":"passed","title":"should emit error from delete (deprecated)"}],"endTime":1777951667314,"message":"","name":"/home/alejandro/Escritorio/Trabajo de campo/frontend-casualidad-app/src/app/core/services/payment.service.spec.ts","startTime":1777951665753,"status":"passed","summary":""},{"assertionResults":[{"ancestorTitles":["InventoryService"],"duration":43,"failing":false,"failureDetails":[],"failureMessages":[],"fullName":"InventoryService should be created","invocations":1,"location":null,"numPassingAsserts":1,"retryReasons":[],"startAt":1777951667132,"status":"passed","title":"should be created"},{"ancestorTitles":["InventoryService"],"duration":16,"failing":false,"failureDetails":[],"failureMessages":[],"fullName":"InventoryService should getAll and map data array","invocations":1,"location":null,"numPassingAsserts":4,"retryReasons":[],"startAt":1777951667176,"status":"passed","title":"should getAll and map data array"},{"ancestorTitles":["InventoryService"],"duration":10,"failing":false,"failureDetails":[],"failureMessages":[],"fullName":"InventoryService should getAll using content fallback","invocations":1,"location":null,"numPassingAsserts":1,"retryReasons":[],"startAt":1777951667193,"status":"passed","title":"should getAll using content fallback"},{"ancestorTitles":["InventoryService"],"duration":16,"failing":false,"failureDetails":[],"failureMessages":[],"fullName":"InventoryService should create a product with string unit","invocations":1,"location":null,"numPassingAsserts":2,"retryReasons":[],"startAt":1777951667203,"status":"passed","title":"should create a product with string unit"},{"ancestorTitles":["InventoryService"],"duration":13,"failing":false,"failureDetails":[],"failureMessages":[],"fullName":"InventoryService should create a product with numeric unit ID","invocations":1,"location":null,"numPassingAsserts":1,"retryReasons":[],"startAt":1777951667220,"status":"passed","title":"should create a product with numeric unit ID"},{"ancestorTitles":["InventoryService"],"duration":11,"failing":false,"failureDetails":[],"failureMessages":[],"fullName":"InventoryService should create a product with empty unit fallback","invocations":1,"location":null,"numPassingAsserts":1,"retryReasons":[],"startAt":1777951667233,"status":"passed","title":"should create a product with empty unit fallback"},{"ancestorTitles":["InventoryService"],"duration":15,"failing":false,"failureDetails":[],"failureMessages":[],"fullName":"InventoryService should update a product with string unit","invocations":1,"location":null,"numPassingAsserts":1,"retryReasons":[],"startAt":1777951667244,"status":"passed","title":"should update a product with string unit"},{"ancestorTitles":["InventoryService"],"duration":12,"failing":false,"failureDetails":[],"failureMessages":[],"fullName":"InventoryService should update a product with numeric unit ID","invocations":1,"location":null,"numPassingAsserts":1,"retryReasons":[],"startAt":1777951667259,"status":"passed","title":"should update a product with numeric unit ID"},{"ancestorTitles":["InventoryService"],"duration":15,"failing":false,"failureDetails":[],"failureMessages":[],"fullName":"InventoryService should delete (ajuste a 0)","invocations":1,"location":null,"numPassingAsserts":2,"retryReasons":[],"startAt":1777951667272,"status":"passed","title":"should delete (ajuste a 0)"},{"ancestorTitles":["InventoryService"],"duration":10,"failing":false,"failureDetails":[],"failureMessages":[],"fullName":"InventoryService should registrarEntrada","invocations":1,"location":null,"numPassingAsserts":2,"retryReasons":[],"startAt":1777951667288,"status":"passed","title":"should registrarEntrada"},{"ancestorTitles":["InventoryService"],"duration":13,"failing":false,"failureDetails":[],"failureMessages":[],"fullName":"InventoryService should ajustarInventario","invocations":1,"location":null,"numPassingAsserts":2,"retryReasons":[],"startAt":1777951667299,"status":"passed","title":"should ajustarInventario"},{"ancestorTitles":["InventoryService"],"duration":9,"failing":false,"failureDetails":[],"failureMessages":[],"fullName":"InventoryService should addComposicion","invocations":1,"location":null,"numPassingAsserts":1,"retryReasons":[],"startAt":1777951667312,"status":"passed","title":"should addComposicion"}],"endTime":1777951667324,"message":"","name":"/home/alejandro/Escritorio/Trabajo de campo/frontend-casualidad-app/src/app/core/services/inventory.service.spec.ts","startTime":1777951665694,"status":"passed","summary":""},{"assertionResults":[{"ancestorTitles":["AuthService"],"duration":35,"failing":false,"failureDetails":[],"failureMessages":[],"fullName":"AuthService should be created","invocations":1,"location":null,"numPassingAsserts":1,"retryReasons":[],"startAt":1777951667219,"status":"passed","title":"should be created"},{"ancestorTitles":["AuthService"],"duration":22,"failing":false,"failureDetails":[],"failureMessages":[],"fullName":"AuthService should login and set session","invocations":1,"location":null,"numPassingAsserts":3,"retryReasons":[],"startAt":1777951667255,"status":"passed","title":"should login and set session"},{"ancestorTitles":["AuthService"],"duration":8,"failing":false,"failureDetails":[],"failureMessages":[],"fullName":"AuthService should get access token","invocations":1,"location":null,"numPassingAsserts":1,"retryReasons":[],"startAt":1777951667278,"status":"passed","title":"should get access token"},{"ancestorTitles":["AuthService"],"duration":9,"failing":false,"failureDetails":[],"failureMessages":[],"fullName":"AuthService should get refresh token","invocations":1,"location":null,"numPassingAsserts":1,"retryReasons":[],"startAt":1777951667286,"status":"passed","title":"should get refresh token"},{"ancestorTitles":["AuthService"],"duration":7,"failing":false,"failureDetails":[],"failureMessages":[],"fullName":"AuthService should get user","invocations":1,"location":null,"numPassingAsserts":1,"retryReasons":[],"startAt":1777951667296,"status":"passed","title":"should get user"},{"ancestorTitles":["AuthService"],"duration":41,"failing":false,"failureDetails":[],"failureMessages":[],"fullName":"AuthService should handle invalid user json","invocations":1,"location":null,"numPassingAsserts":1,"retryReasons":[],"startAt":1777951667304,"status":"passed","title":"should handle invalid user json"},{"ancestorTitles":["AuthService"],"duration":5,"failing":false,"failureDetails":[],"failureMessages":[],"fullName":"AuthService should handle no user json","invocations":1,"location":null,"numPassingAsserts":1,"retryReasons":[],"startAt":1777951667345,"status":"passed","title":"should handle no user json"},{"ancestorTitles":["AuthService"],"duration":8,"failing":false,"failureDetails":[],"failureMessages":[],"fullName":"AuthService should clear session","invocations":1,"location":null,"numPassingAsserts":3,"retryReasons":[],"startAt":1777951667350,"status":"passed","title":"should clear session"},{"ancestorTitles":["AuthService"],"duration":5,"failing":false,"failureDetails":[],"failureMessages":[],"fullName":"AuthService should check if authenticated","invocations":1,"location":null,"numPassingAsserts":2,"retryReasons":[],"startAt":1777951667358,"status":"passed","title":"should check if authenticated"}],"endTime":1777951667364,"message":"","name":"/home/alejandro/Escritorio/Trabajo de campo/frontend-casualidad-app/src/app/core/services/auth.service.spec.ts","startTime":1777951665879,"status":"passed","summary":""},{"assertionResults":[{"ancestorTitles":["ConfirmDialogComponent"],"duration":286,"failing":false,"failureDetails":[],"failureMessages":[],"fullName":"ConfirmDialogComponent should create","invocations":1,"location":null,"numPassingAsserts":1,"retryReasons":[],"startAt":1777951667244,"status":"passed","title":"should create"},{"ancestorTitles":["ConfirmDialogComponent"],"duration":50,"failing":false,"failureDetails":[],"failureMessages":[],"fullName":"ConfirmDialogComponent should have correct data","invocations":1,"location":null,"numPassingAsserts":2,"retryReasons":[],"startAt":1777951667531,"status":"passed","title":"should have correct data"},{"ancestorTitles":["ConfirmDialogComponent"],"duration":41,"failing":false,"failureDetails":[],"failureMessages":[],"fullName":"ConfirmDialogComponent should close with true when confirmed","invocations":1,"location":null,"numPassingAsserts":1,"retryReasons":[],"startAt":1777951667581,"status":"passed","title":"should close with true when confirmed"},{"ancestorTitles":["ConfirmDialogComponent"],"duration":36,"failing":false,"failureDetails":[],"failureMessages":[],"fullName":"ConfirmDialogComponent should close with false when cancelled","invocations":1,"location":null,"numPassingAsserts":1,"retryReasons":[],"startAt":1777951667622,"status":"passed","title":"should close with false when cancelled"},{"ancestorTitles":["ConfirmDialogComponent"],"duration":66,"failing":false,"failureDetails":[],"failureMessages":[],"fullName":"ConfirmDialogComponent should work with primary accent color","invocations":1,"location":null,"numPassingAsserts":1,"retryReasons":[],"startAt":1777951667659,"status":"passed","title":"should work with primary accent color"},{"ancestorTitles":["ConfirmDialogComponent"],"duration":65,"failing":false,"failureDetails":[],"failureMessages":[],"fullName":"ConfirmDialogComponent should work with warning accent color","invocations":1,"location":null,"numPassingAsserts":1,"retryReasons":[],"startAt":1777951667726,"status":"passed","title":"should work with warning accent color"},{"ancestorTitles":["ConfirmDialogComponent"],"duration":57,"failing":false,"failureDetails":[],"failureMessages":[],"fullName":"ConfirmDialogComponent should work without optional fields","invocations":1,"location":null,"numPassingAsserts":1,"retryReasons":[],"startAt":1777951667791,"status":"passed","title":"should work without optional fields"}],"endTime":1777951667850,"message":"","name":"/home/alejandro/Escritorio/Trabajo de campo/frontend-casualidad-app/src/app/shared/components/confirm-dialog/confirm-dialog.spec.ts","startTime":1777951665703,"status":"passed","summary":""},{"assertionResults":[{"ancestorTitles":["ListHelper"],"duration":5,"failing":false,"failureDetails":[],"failureMessages":[],"fullName":"ListHelper should handle sort direction toggle","invocations":1,"location":null,"numPassingAsserts":2,"retryReasons":[],"startAt":1777951668122,"status":"passed","title":"should handle sort direction toggle"},{"ancestorTitles":["ListHelper"],"duration":1,"failing":false,"failureDetails":[],"failureMessages":[],"fullName":"ListHelper should handle switching columns","invocations":1,"location":null,"numPassingAsserts":2,"retryReasons":[],"startAt":1777951668128,"status":"passed","title":"should handle switching columns"},{"ancestorTitles":["ListHelper"],"duration":2,"failing":false,"failureDetails":[],"failureMessages":[],"fullName":"ListHelper should get correct sort icon","invocations":1,"location":null,"numPassingAsserts":3,"retryReasons":[],"startAt":1777951668130,"status":"passed","title":"should get correct sort icon"},{"ancestorTitles":["ListHelper"],"duration":1,"failing":false,"failureDetails":[],"failureMessages":[],"fullName":"ListHelper should sort array asc","invocations":1,"location":null,"numPassingAsserts":2,"retryReasons":[],"startAt":1777951668132,"status":"passed","title":"should sort array asc"},{"ancestorTitles":["ListHelper"],"duration":2,"failing":false,"failureDetails":[],"failureMessages":[],"fullName":"ListHelper should sort array desc","invocations":1,"location":null,"numPassingAsserts":2,"retryReasons":[],"startAt":1777951668133,"status":"passed","title":"should sort array desc"},{"ancestorTitles":["ListHelper"],"duration":2,"failing":false,"failureDetails":[],"failureMessages":[],"fullName":"ListHelper should not sort if no column","invocations":1,"location":null,"numPassingAsserts":1,"retryReasons":[],"startAt":1777951668136,"status":"passed","title":"should not sort if no column"},{"ancestorTitles":["ListHelper"],"duration":1,"failing":false,"failureDetails":[],"failureMessages":[],"fullName":"ListHelper should handle equal values during sort","invocations":1,"location":null,"numPassingAsserts":2,"retryReasons":[],"startAt":1777951668138,"status":"passed","title":"should handle equal values during sort"}],"endTime":1777951668140,"message":"","name":"/home/alejandro/Escritorio/Trabajo de campo/frontend-casualidad-app/src/app/shared/utils/list-helper.spec.ts","startTime":1777951667473,"status":"passed","summary":""},{"assertionResults":[{"ancestorTitles":["AjusteDialogComponent"],"duration":319,"failing":false,"failureDetails":[],"failureMessages":[],"fullName":"AjusteDialogComponent should create","invocations":1,"location":null,"numPassingAsserts":1,"retryReasons":[],"startAt":1777951667711,"status":"passed","title":"should create"},{"ancestorTitles":["AjusteDialogComponent"],"duration":61,"failing":false,"failureDetails":[],"failureMessages":[],"fullName":"AjusteDialogComponent should initialize form with data","invocations":1,"location":null,"numPassingAsserts":2,"retryReasons":[],"startAt":1777951668032,"status":"passed","title":"should initialize form with data"},{"ancestorTitles":["AjusteDialogComponent"],"duration":74,"failing":false,"failureDetails":[],"failureMessages":[],"fullName":"AjusteDialogComponent should close dialog with form value on submit when valid","invocations":1,"location":null,"numPassingAsserts":1,"retryReasons":[],"startAt":1777951668093,"status":"passed","title":"should close dialog with form value on submit when valid"},{"ancestorTitles":["AjusteDialogComponent"],"duration":71,"failing":false,"failureDetails":[],"failureMessages":[],"fullName":"AjusteDialogComponent should not close dialog if reason is too short","invocations":1,"location":null,"numPassingAsserts":1,"retryReasons":[],"startAt":1777951668167,"status":"passed","title":"should not close dialog if reason is too short"}],"endTime":1777951668240,"message":"","name":"/home/alejandro/Escritorio/Trabajo de campo/frontend-casualidad-app/src/app/inventario/components/ajuste-dialog/ajuste-dialog.spec.ts","startTime":1777951665659,"status":"passed","summary":""},{"assertionResults":[{"ancestorTitles":["guestGuard"],"duration":24,"failing":false,"failureDetails":[],"failureMessages":[],"fullName":"guestGuard should return true if not authenticated","invocations":1,"location":null,"numPassingAsserts":1,"retryReasons":[],"startAt":1777951668217,"status":"passed","title":"should return true if not authenticated"},{"ancestorTitles":["guestGuard"],"duration":12,"failing":false,"failureDetails":[],"failureMessages":[],"fullName":"guestGuard should navigate to /home and return false if authenticated","invocations":1,"location":null,"numPassingAsserts":2,"retryReasons":[],"startAt":1777951668244,"status":"passed","title":"should navigate to /home and return false if authenticated"}],"endTime":1777951668257,"message":"","name":"/home/alejandro/Escritorio/Trabajo de campo/frontend-casualidad-app/src/app/core/guards/guest.guard.spec.ts","startTime":1777951667457,"status":"passed","summary":""},{"assertionResults":[{"ancestorTitles":["EntradaDialogComponent"],"duration":323,"failing":false,"failureDetails":[],"failureMessages":[],"fullName":"EntradaDialogComponent should create","invocations":1,"location":null,"numPassingAsserts":1,"retryReasons":[],"startAt":1777951667765,"status":"passed","title":"should create"},{"ancestorTitles":["EntradaDialogComponent"],"duration":68,"failing":false,"failureDetails":[],"failureMessages":[],"fullName":"EntradaDialogComponent should initialize form with data","invocations":1,"location":null,"numPassingAsserts":2,"retryReasons":[],"startAt":1777951668090,"status":"passed","title":"should initialize form with data"},{"ancestorTitles":["EntradaDialogComponent"],"duration":83,"failing":false,"failureDetails":[],"failureMessages":[],"fullName":"EntradaDialogComponent should close dialog with form value on submit","invocations":1,"location":null,"numPassingAsserts":1,"retryReasons":[],"startAt":1777951668158,"status":"passed","title":"should close dialog with form value on submit"},{"ancestorTitles":["EntradaDialogComponent"],"duration":64,"failing":false,"failureDetails":[],"failureMessages":[],"fullName":"EntradaDialogComponent should not close dialog if form is invalid","invocations":1,"location":null,"numPassingAsserts":1,"retryReasons":[],"startAt":1777951668242,"status":"passed","title":"should not close dialog if form is invalid"}],"endTime":1777951668308,"message":"","name":"/home/alejandro/Escritorio/Trabajo de campo/frontend-casualidad-app/src/app/inventario/components/entrada-dialog/entrada-dialog.spec.ts","startTime":1777951665717,"status":"passed","summary":""},{"assertionResults":[{"ancestorTitles":["SuccessDialogComponent"],"duration":423,"failing":false,"failureDetails":[],"failureMessages":[],"fullName":"SuccessDialogComponent should create","invocations":1,"location":null,"numPassingAsserts":1,"retryReasons":[],"startAt":1777951667597,"status":"passed","title":"should create"},{"ancestorTitles":["SuccessDialogComponent"],"duration":51,"failing":false,"failureDetails":[],"failureMessages":[],"fullName":"SuccessDialogComponent should have correct data bound","invocations":1,"location":null,"numPassingAsserts":2,"retryReasons":[],"startAt":1777951668021,"status":"passed","title":"should have correct data bound"},{"ancestorTitles":["SuccessDialogComponent"],"duration":47,"failing":false,"failureDetails":[],"failureMessages":[],"fullName":"SuccessDialogComponent should close with primary action","invocations":1,"location":null,"numPassingAsserts":1,"retryReasons":[],"startAt":1777951668073,"status":"passed","title":"should close with primary action"},{"ancestorTitles":["SuccessDialogComponent"],"duration":41,"failing":false,"failureDetails":[],"failureMessages":[],"fullName":"SuccessDialogComponent should close with secondary action","invocations":1,"location":null,"numPassingAsserts":1,"retryReasons":[],"startAt":1777951668121,"status":"passed","title":"should close with secondary action"},{"ancestorTitles":["SuccessDialogComponent"],"duration":45,"failing":false,"failureDetails":[],"failureMessages":[],"fullName":"SuccessDialogComponent should close with close action","invocations":1,"location":null,"numPassingAsserts":1,"retryReasons":[],"startAt":1777951668162,"status":"passed","title":"should close with close action"},{"ancestorTitles":["SuccessDialogComponent"],"duration":61,"failing":false,"failureDetails":[],"failureMessages":[],"fullName":"SuccessDialogComponent should work with success accent color","invocations":1,"location":null,"numPassingAsserts":1,"retryReasons":[],"startAt":1777951668208,"status":"passed","title":"should work with success accent color"},{"ancestorTitles":["SuccessDialogComponent"],"duration":87,"failing":false,"failureDetails":[],"failureMessages":[],"fullName":"SuccessDialogComponent should work with warning accent color","invocations":1,"location":null,"numPassingAsserts":1,"retryReasons":[],"startAt":1777951668269,"status":"passed","title":"should work with warning accent color"},{"ancestorTitles":["SuccessDialogComponent"],"duration":70,"failing":false,"failureDetails":[],"failureMessages":[],"fullName":"SuccessDialogComponent should work without optional fields","invocations":1,"location":null,"numPassingAsserts":1,"retryReasons":[],"startAt":1777951668356,"status":"passed","title":"should work without optional fields"}],"endTime":1777951668428,"message":"","name":"/home/alejandro/Escritorio/Trabajo de campo/frontend-casualidad-app/src/app/shared/components/success-dialog/success-dialog.spec.ts","startTime":1777951665827,"status":"passed","summary":""},{"assertionResults":[{"ancestorTitles":["LoginComponent"],"duration":66,"failing":false,"failureDetails":[],"failureMessages":[],"fullName":"LoginComponent should create","invocations":1,"location":null,"numPassingAsserts":1,"retryReasons":[],"startAt":1777951668247,"status":"passed","title":"should create"},{"ancestorTitles":["LoginComponent"],"duration":80,"failing":false,"failureDetails":[],"failureMessages":[],"fullName":"LoginComponent should navigate on successful login","invocations":1,"location":null,"numPassingAsserts":2,"retryReasons":[],"startAt":1777951668314,"status":"passed","title":"should navigate on successful login"},{"ancestorTitles":["LoginComponent"],"duration":38,"failing":false,"failureDetails":[],"failureMessages":[],"fullName":"LoginComponent should show error modal on failed login","invocations":1,"location":null,"numPassingAsserts":3,"retryReasons":[],"startAt":1777951668394,"status":"passed","title":"should show error modal on failed login"},{"ancestorTitles":["LoginComponent"],"duration":11,"failing":false,"failureDetails":[],"failureMessages":[],"fullName":"LoginComponent should mark form as touched when invalid","invocations":1,"location":null,"numPassingAsserts":2,"retryReasons":[],"startAt":1777951668432,"status":"passed","title":"should mark form as touched when invalid"},{"ancestorTitles":["LoginComponent"],"duration":17,"failing":false,"failureDetails":[],"failureMessages":[],"fullName":"LoginComponent should toggle help modal","invocations":1,"location":null,"numPassingAsserts":3,"retryReasons":[],"startAt":1777951668443,"status":"passed","title":"should toggle help modal"},{"ancestorTitles":["LoginComponent"],"duration":11,"failing":false,"failureDetails":[],"failureMessages":[],"fullName":"LoginComponent should expose email and password getters","invocations":1,"location":null,"numPassingAsserts":2,"retryReasons":[],"startAt":1777951668461,"status":"passed","title":"should expose email and password getters"}],"endTime":1777951668474,"message":"","name":"/home/alejandro/Escritorio/Trabajo de campo/frontend-casualidad-app/src/app/login/login.spec.ts","startTime":1777951667294,"status":"passed","summary":""},{"assertionResults":[{"ancestorTitles":["HomeComponent"],"duration":70,"failing":false,"failureDetails":[],"failureMessages":[],"fullName":"HomeComponent should create","invocations":1,"location":null,"numPassingAsserts":1,"retryReasons":[],"startAt":1777951668271,"status":"passed","title":"should create"},{"ancestorTitles":["HomeComponent"],"duration":202,"failing":false,"failureDetails":[],"failureMessages":[],"fullName":"HomeComponent should initialize empty chart logic without errors","invocations":1,"location":null,"numPassingAsserts":1,"retryReasons":[],"startAt":1777951668342,"status":"passed","title":"should initialize empty chart logic without errors"}],"endTime":1777951668545,"message":"","name":"/home/alejandro/Escritorio/Trabajo de campo/frontend-casualidad-app/src/app/home/home.spec.ts","startTime":1777951667477,"status":"passed","summary":""},{"assertionResults":[{"ancestorTitles":["LayoutComponent"],"duration":122,"failing":false,"failureDetails":[],"failureMessages":[],"fullName":"LayoutComponent should create","invocations":1,"location":null,"numPassingAsserts":1,"retryReasons":[],"startAt":1777951668310,"status":"passed","title":"should create"},{"ancestorTitles":["LayoutComponent"],"duration":33,"failing":false,"failureDetails":[],"failureMessages":[],"fullName":"LayoutComponent should toggle profile dropdown on button click","invocations":1,"location":null,"numPassingAsserts":2,"retryReasons":[],"startAt":1777951668433,"status":"passed","title":"should toggle profile dropdown on button click"},{"ancestorTitles":["LayoutComponent"],"duration":26,"failing":false,"failureDetails":[],"failureMessages":[],"fullName":"LayoutComponent should close profile dropdown only when open","invocations":1,"location":null,"numPassingAsserts":2,"retryReasons":[],"startAt":1777951668466,"status":"passed","title":"should close profile dropdown only when open"},{"ancestorTitles":["LayoutComponent"],"duration":21,"failing":false,"failureDetails":[],"failureMessages":[],"fullName":"LayoutComponent should open and close config modal","invocations":1,"location":null,"numPassingAsserts":4,"retryReasons":[],"startAt":1777951668492,"status":"passed","title":"should open and close config modal"},{"ancestorTitles":["LayoutComponent"],"duration":13,"failing":false,"failureDetails":[],"failureMessages":[],"fullName":"LayoutComponent should open and close delete modal","invocations":1,"location":null,"numPassingAsserts":4,"retryReasons":[],"startAt":1777951668513,"status":"passed","title":"should open and close delete modal"},{"ancestorTitles":["LayoutComponent"],"duration":13,"failing":false,"failureDetails":[],"failureMessages":[],"fullName":"LayoutComponent should confirm delete and close modal","invocations":1,"location":null,"numPassingAsserts":1,"retryReasons":[],"startAt":1777951668526,"status":"passed","title":"should confirm delete and close modal"},{"ancestorTitles":["LayoutComponent"],"duration":10,"failing":false,"failureDetails":[],"failureMessages":[],"fullName":"LayoutComponent should close profile dropdown on document click","invocations":1,"location":null,"numPassingAsserts":1,"retryReasons":[],"startAt":1777951668539,"status":"passed","title":"should close profile dropdown on document click"}],"endTime":1777951668550,"message":"","name":"/home/alejandro/Escritorio/Trabajo de campo/frontend-casualidad-app/src/app/layout/layout.spec.ts","startTime":1777951667241,"status":"passed","summary":""},{"assertionResults":[{"ancestorTitles":["ClientService"],"duration":24,"failing":false,"failureDetails":[],"failureMessages":[],"fullName":"ClientService should fetch all clients","invocations":1,"location":null,"numPassingAsserts":0,"retryReasons":[],"startAt":1777951668557,"status":"passed","title":"should fetch all clients"},{"ancestorTitles":["ClientService"],"duration":11,"failing":false,"failureDetails":[],"failureMessages":[],"fullName":"ClientService should create client","invocations":1,"location":null,"numPassingAsserts":0,"retryReasons":[],"startAt":1777951668581,"status":"passed","title":"should create client"},{"ancestorTitles":["ClientService"],"duration":6,"failing":false,"failureDetails":[],"failureMessages":[],"fullName":"ClientService should update client","invocations":1,"location":null,"numPassingAsserts":0,"retryReasons":[],"startAt":1777951668592,"status":"passed","title":"should update client"},{"ancestorTitles":["ClientService"],"duration":5,"failing":false,"failureDetails":[],"failureMessages":[],"fullName":"ClientService should delete client","invocations":1,"location":null,"numPassingAsserts":0,"retryReasons":[],"startAt":1777951668598,"status":"passed","title":"should delete client"}],"endTime":1777951668604,"message":"","name":"/home/alejandro/Escritorio/Trabajo de campo/frontend-casualidad-app/src/app/core/services/client.service.spec.ts","startTime":1777951667909,"status":"passed","summary":""},{"assertionResults":[{"ancestorTitles":["ClientProductsDialogComponent"],"duration":175,"failing":false,"failureDetails":[],"failureMessages":[],"fullName":"ClientProductsDialogComponent should create","invocations":1,"location":null,"numPassingAsserts":1,"retryReasons":[],"startAt":1777951668415,"status":"passed","title":"should create"},{"ancestorTitles":["ClientProductsDialogComponent"],"duration":19,"failing":false,"failureDetails":[],"failureMessages":[],"fullName":"ClientProductsDialogComponent should show empty message if no orders","invocations":1,"location":null,"numPassingAsserts":1,"retryReasons":[],"startAt":1777951668590,"status":"passed","title":"should show empty message if no orders"},{"ancestorTitles":["ClientProductsDialogComponent"],"duration":33,"failing":false,"failureDetails":[],"failureMessages":[],"fullName":"ClientProductsDialogComponent should show loading message if has orders","invocations":1,"location":null,"numPassingAsserts":1,"retryReasons":[],"startAt":1777951668609,"status":"passed","title":"should show loading message if has orders"}],"endTime":1777951668644,"message":"","name":"/home/alejandro/Escritorio/Trabajo de campo/frontend-casualidad-app/src/app/clientes/components/client-products-dialog/client-products-dialog.spec.ts","startTime":1777951667279,"status":"passed","summary":""},{"assertionResults":[{"ancestorTitles":["PagosComponent"],"duration":230,"failing":false,"failureDetails":[],"failureMessages":[],"fullName":"PagosComponent should create","invocations":1,"location":null,"numPassingAsserts":1,"retryReasons":[],"startAt":1777951668267,"status":"passed","title":"should create"},{"ancestorTitles":["PagosComponent"],"duration":32,"failing":false,"failureDetails":[],"failureMessages":[],"fullName":"PagosComponent should compute totalMonthlyBalance correctly","invocations":1,"location":null,"numPassingAsserts":1,"retryReasons":[],"startAt":1777951668498,"status":"passed","title":"should compute totalMonthlyBalance correctly"},{"ancestorTitles":["PagosComponent"],"duration":24,"failing":false,"failureDetails":[{}],"failureMessages":["TypeError: component.handleSort is not a function\n    at Object.<anonymous> (/home/alejandro/Escritorio/Trabajo de campo/frontend-casualidad-app/src/app/pagos/pagos.spec.ts:61:15)\n    at Promise.finally.completed (/home/alejandro/Escritorio/Trabajo de campo/frontend-casualidad-app/node_modules/jest-circus/build/jestAdapterInit.js:1557:28)\n    at new Promise (<anonymous>)\n    at callAsyncCircusFn (/home/alejandro/Escritorio/Trabajo de campo/frontend-casualidad-app/node_modules/jest-circus/build/jestAdapterInit.js:1497:10)\n    at _callCircusTest (/home/alejandro/Escritorio/Trabajo de campo/frontend-casualidad-app/node_modules/jest-circus/build/jestAdapterInit.js:1007:40)\n    at _runTest (/home/alejandro/Escritorio/Trabajo de campo/frontend-casualidad-app/node_modules/jest-circus/build/jestAdapterInit.js:947:3)\n    at /home/alejandro/Escritorio/Trabajo de campo/frontend-casualidad-app/node_modules/jest-circus/build/jestAdapterInit.js:849:7\n    at _runTestsForDescribeBlock (/home/alejandro/Escritorio/Trabajo de campo/frontend-casualidad-app/node_modules/jest-circus/build/jestAdapterInit.js:862:11)\n    at _runTestsForDescribeBlock (/home/alejandro/Escritorio/Trabajo de campo/frontend-casualidad-app/node_modules/jest-circus/build/jestAdapterInit.js:857:11)\n    at run (/home/alejandro/Escritorio/Trabajo de campo/frontend-casualidad-app/node_modules/jest-circus/build/jestAdapterInit.js:761:3)\n    at runAndTransformResultsToJestFormat (/home/alejandro/Escritorio/Trabajo de campo/frontend-casualidad-app/node_modules/jest-circus/build/jestAdapterInit.js:1918:21)\n    at jestAdapter (/home/alejandro/Escritorio/Trabajo de campo/frontend-casualidad-app/node_modules/jest-circus/build/runner.js:101:19)\n    at runTestInternal (/home/alejandro/Escritorio/Trabajo de campo/frontend-casualidad-app/node_modules/jest-runner/build/testWorker.js:275:16)\n    at runTest (/home/alejandro/Escritorio/Trabajo de campo/frontend-casualidad-app/node_modules/jest-runner/build/testWorker.js:343:7)\n    at Object.worker (/home/alejandro/Escritorio/Trabajo de campo/frontend-casualidad-app/node_modules/jest-runner/build/testWorker.js:497:12)"],"fullName":"PagosComponent should handle sorting all directions","invocations":1,"location":null,"numPassingAsserts":0,"retryReasons":[],"startAt":1777951668530,"status":"failed","title":"should handle sorting all directions"},{"ancestorTitles":["PagosComponent"],"duration":38,"failing":false,"failureDetails":[],"failureMessages":[],"fullName":"PagosComponent should handle savePayment branches","invocations":1,"location":null,"numPassingAsserts":4,"retryReasons":[],"startAt":1777951668568,"status":"passed","title":"should handle savePayment branches"},{"ancestorTitles":["PagosComponent"],"duration":25,"failing":false,"failureDetails":[],"failureMessages":[],"fullName":"PagosComponent should handle closeFormSuccessModal branches","invocations":1,"location":null,"numPassingAsserts":3,"retryReasons":[],"startAt":1777951668607,"status":"passed","title":"should handle closeFormSuccessModal branches"},{"ancestorTitles":["PagosComponent"],"duration":20,"failing":false,"failureDetails":[],"failureMessages":[],"fullName":"PagosComponent should handle mapPaymentType branches","invocations":1,"location":null,"numPassingAsserts":3,"retryReasons":[],"startAt":1777951668633,"status":"passed","title":"should handle mapPaymentType branches"},{"ancestorTitles":["PagosComponent"],"duration":42,"failing":false,"failureDetails":[],"failureMessages":[],"fullName":"PagosComponent should handle delete confirmation","invocations":1,"location":null,"numPassingAsserts":3,"retryReasons":[],"startAt":1777951668653,"status":"passed","title":"should handle delete confirmation"},{"ancestorTitles":["PagosComponent"],"duration":15,"failing":false,"failureDetails":[],"failureMessages":[],"fullName":"PagosComponent should handle view modal lifecycle","invocations":1,"location":null,"numPassingAsserts":2,"retryReasons":[],"startAt":1777951668695,"status":"passed","title":"should handle view modal lifecycle"},{"ancestorTitles":["PagosComponent"],"duration":14,"failing":false,"failureDetails":[{}],"failureMessages":["TypeError: component.onPageChange is not a function\n    at Object.<anonymous> (/home/alejandro/Escritorio/Trabajo de campo/frontend-casualidad-app/src/app/pagos/pagos.spec.ts:161:17)\n    at Promise.finally.completed (/home/alejandro/Escritorio/Trabajo de campo/frontend-casualidad-app/node_modules/jest-circus/build/jestAdapterInit.js:1557:28)\n    at new Promise (<anonymous>)\n    at callAsyncCircusFn (/home/alejandro/Escritorio/Trabajo de campo/frontend-casualidad-app/node_modules/jest-circus/build/jestAdapterInit.js:1497:10)\n    at _callCircusTest (/home/alejandro/Escritorio/Trabajo de campo/frontend-casualidad-app/node_modules/jest-circus/build/jestAdapterInit.js:1007:40)\n    at _runTest (/home/alejandro/Escritorio/Trabajo de campo/frontend-casualidad-app/node_modules/jest-circus/build/jestAdapterInit.js:947:3)\n    at /home/alejandro/Escritorio/Trabajo de campo/frontend-casualidad-app/node_modules/jest-circus/build/jestAdapterInit.js:849:7\n    at _runTestsForDescribeBlock (/home/alejandro/Escritorio/Trabajo de campo/frontend-casualidad-app/node_modules/jest-circus/build/jestAdapterInit.js:862:11)\n    at _runTestsForDescribeBlock (/home/alejandro/Escritorio/Trabajo de campo/frontend-casualidad-app/node_modules/jest-circus/build/jestAdapterInit.js:857:11)\n    at run (/home/alejandro/Escritorio/Trabajo de campo/frontend-casualidad-app/node_modules/jest-circus/build/jestAdapterInit.js:761:3)\n    at runAndTransformResultsToJestFormat (/home/alejandro/Escritorio/Trabajo de campo/frontend-casualidad-app/node_modules/jest-circus/build/jestAdapterInit.js:1918:21)\n    at jestAdapter (/home/alejandro/Escritorio/Trabajo de campo/frontend-casualidad-app/node_modules/jest-circus/build/runner.js:101:19)\n    at runTestInternal (/home/alejandro/Escritorio/Trabajo de campo/frontend-casualidad-app/node_modules/jest-runner/build/testWorker.js:275:16)\n    at runTest (/home/alejandro/Escritorio/Trabajo de campo/frontend-casualidad-app/node_modules/jest-runner/build/testWorker.js:343:7)\n    at Object.worker (/home/alejandro/Escritorio/Trabajo de campo/frontend-casualidad-app/node_modules/jest-runner/build/testWorker.js:497:12)"],"fullName":"PagosComponent debería actualizar currentPage y llamar a fetchPayments","invocations":1,"location":null,"numPassingAsserts":0,"retryReasons":[],"startAt":1777951668710,"status":"failed","title":"debería actualizar currentPage y llamar a fetchPayments"},{"ancestorTitles":["PagosComponent"],"duration":16,"failing":false,"failureDetails":[],"failureMessages":[],"fullName":"PagosComponent debería llamar a editarAbono cuando viewMode es \"edit\" y el id existe","invocations":1,"location":null,"numPassingAsserts":2,"retryReasons":[],"startAt":1777951668725,"status":"passed","title":"debería llamar a editarAbono cuando viewMode es \"edit\" y el id existe"}],"endTime":1777951668758,"message":"  ● PagosComponent › should handle sorting all directions\n\n    TypeError: component.handleSort is not a function\n\n      59 |\n      60 |   it('should handle sorting all directions', () => {\n    > 61 |     component.handleSort('amount');\n         |               ^\n      62 |     expect(component.currentSort.direction).toBe('asc');\n      63 |     component.handleSort('amount');\n      64 |     expect(component.currentSort.direction).toBe('desc');\n\n      at Object.<anonymous> (src/app/pagos/pagos.spec.ts:61:15)\n\n  ● PagosComponent › debería actualizar currentPage y llamar a fetchPayments\n\n    TypeError: component.onPageChange is not a function\n\n      159 |       const mockPage = 2;\n      160 |       const fetchPaymentsSpy = jest.spyOn(component, 'fetchPayments').mockImplementation(() => {});\n    > 161 |       component.onPageChange(mockPage);\n          |                 ^\n      162 |       expect(component.currentPage).toBe(mockPage);\n      163 |       expect(fetchPaymentsSpy).toHaveBeenCalledTimes(1);\n      164 |     });\n\n      at Object.<anonymous> (src/app/pagos/pagos.spec.ts:161:17)\n","name":"/home/alejandro/Escritorio/Trabajo de campo/frontend-casualidad-app/src/app/pagos/pagos.spec.ts","startTime":1777951665770,"status":"failed","summary":""},{"assertionResults":[{"ancestorTitles":["App"],"duration":45,"failing":false,"failureDetails":[],"failureMessages":[],"fullName":"App should create the app","invocations":1,"location":null,"numPassingAsserts":1,"retryReasons":[],"startAt":1777951668798,"status":"passed","title":"should create the app"}],"endTime":1777951668844,"message":"","name":"/home/alejandro/Escritorio/Trabajo de campo/frontend-casualidad-app/src/app/app.spec.ts","startTime":1777951668163,"status":"passed","summary":""},{"assertionResults":[{"ancestorTitles":["InventarioComponent"],"duration":211,"failing":false,"failureDetails":[],"failureMessages":[],"fullName":"InventarioComponent should create the component","invocations":1,"location":null,"numPassingAsserts":1,"retryReasons":[],"startAt":1777951668222,"status":"passed","title":"should create the component"},{"ancestorTitles":["InventarioComponent"],"duration":30,"failing":false,"failureDetails":[],"failureMessages":[],"fullName":"InventarioComponent should initialise with list view mode","invocations":1,"location":null,"numPassingAsserts":1,"retryReasons":[],"startAt":1777951668434,"status":"passed","title":"should initialise with list view mode"},{"ancestorTitles":["InventarioComponent"],"duration":31,"failing":false,"failureDetails":[],"failureMessages":[],"fullName":"InventarioComponent should load inventory on init","invocations":1,"location":null,"numPassingAsserts":2,"retryReasons":[],"startAt":1777951668464,"status":"passed","title":"should load inventory on init"},{"ancestorTitles":["InventarioComponent"],"duration":25,"failing":false,"failureDetails":[],"failureMessages":[],"fullName":"InventarioComponent should handle error when loading inventory","invocations":1,"location":null,"numPassingAsserts":1,"retryReasons":[],"startAt":1777951668496,"status":"passed","title":"should handle error when loading inventory"},{"ancestorTitles":["InventarioComponent"],"duration":24,"failing":false,"failureDetails":[],"failureMessages":[],"fullName":"InventarioComponent should count low-stock products","invocations":1,"location":null,"numPassingAsserts":1,"retryReasons":[],"startAt":1777951668521,"status":"passed","title":"should count low-stock products"},{"ancestorTitles":["InventarioComponent"],"duration":16,"failing":false,"failureDetails":[],"failureMessages":[],"fullName":"InventarioComponent should return 0 when no low-stock products","invocations":1,"location":null,"numPassingAsserts":1,"retryReasons":[],"startAt":1777951668545,"status":"passed","title":"should return 0 when no low-stock products"},{"ancestorTitles":["InventarioComponent"],"duration":16,"failing":false,"failureDetails":[],"failureMessages":[],"fullName":"InventarioComponent should calculate total inventory value using purchasePrice","invocations":1,"location":null,"numPassingAsserts":1,"retryReasons":[],"startAt":1777951668561,"status":"passed","title":"should calculate total inventory value using purchasePrice"},{"ancestorTitles":["InventarioComponent"],"duration":15,"failing":false,"failureDetails":[],"failureMessages":[],"fullName":"InventarioComponent should fallback to productionCost when purchasePrice is 0","invocations":1,"location":null,"numPassingAsserts":1,"retryReasons":[],"startAt":1777951668577,"status":"passed","title":"should fallback to productionCost when purchasePrice is 0"},{"ancestorTitles":["InventarioComponent"],"duration":17,"failing":false,"failureDetails":[],"failureMessages":[],"fullName":"InventarioComponent should fallback to salePrice as last resort","invocations":1,"location":null,"numPassingAsserts":1,"retryReasons":[],"startAt":1777951668593,"status":"passed","title":"should fallback to salePrice as last resort"},{"ancestorTitles":["InventarioComponent"],"duration":32,"failing":false,"failureDetails":[],"failureMessages":[],"fullName":"InventarioComponent should return 0 when all prices are 0","invocations":1,"location":null,"numPassingAsserts":1,"retryReasons":[],"startAt":1777951668610,"status":"passed","title":"should return 0 when all prices are 0"},{"ancestorTitles":["InventarioComponent"],"duration":13,"failing":false,"failureDetails":[],"failureMessages":[],"fullName":"InventarioComponent should set filter to lowstock","invocations":1,"location":null,"numPassingAsserts":1,"retryReasons":[],"startAt":1777951668643,"status":"passed","title":"should set filter to lowstock"},{"ancestorTitles":["InventarioComponent"],"duration":12,"failing":false,"failureDetails":[],"failureMessages":[],"fullName":"InventarioComponent should set filter to category","invocations":1,"location":null,"numPassingAsserts":1,"retryReasons":[],"startAt":1777951668656,"status":"passed","title":"should set filter to category"},{"ancestorTitles":["InventarioComponent"],"duration":10,"failing":false,"failureDetails":[],"failureMessages":[],"fullName":"InventarioComponent should set filter to all","invocations":1,"location":null,"numPassingAsserts":1,"retryReasons":[],"startAt":1777951668668,"status":"passed","title":"should set filter to all"},{"ancestorTitles":["InventarioComponent"],"duration":15,"failing":false,"failureDetails":[],"failureMessages":[],"fullName":"InventarioComponent should reset paginator on filter change","invocations":1,"location":null,"numPassingAsserts":1,"retryReasons":[],"startAt":1777951668679,"status":"passed","title":"should reset paginator on filter change"},{"ancestorTitles":["InventarioComponent"],"duration":12,"failing":false,"failureDetails":[],"failureMessages":[],"fullName":"InventarioComponent should trigger filter on search change","invocations":1,"location":null,"numPassingAsserts":1,"retryReasons":[],"startAt":1777951668694,"status":"passed","title":"should trigger filter on search change"},{"ancestorTitles":["InventarioComponent"],"duration":10,"failing":false,"failureDetails":[],"failureMessages":[],"fullName":"InventarioComponent should disable salePrice and enable wastePercent for INSUMO","invocations":1,"location":null,"numPassingAsserts":2,"retryReasons":[],"startAt":1777951668706,"status":"passed","title":"should disable salePrice and enable wastePercent for INSUMO"},{"ancestorTitles":["InventarioComponent"],"duration":9,"failing":false,"failureDetails":[],"failureMessages":[],"fullName":"InventarioComponent should enable salePrice and disable wastePercent for ELABORADO","invocations":1,"location":null,"numPassingAsserts":2,"retryReasons":[],"startAt":1777951668716,"status":"passed","title":"should enable salePrice and disable wastePercent for ELABORADO"},{"ancestorTitles":["InventarioComponent"],"duration":9,"failing":false,"failureDetails":[],"failureMessages":[],"fullName":"InventarioComponent should enable salePrice and disable wastePercent for TRANSFORMADO","invocations":1,"location":null,"numPassingAsserts":2,"retryReasons":[],"startAt":1777951668725,"status":"passed","title":"should enable salePrice and disable wastePercent for TRANSFORMADO"},{"ancestorTitles":["InventarioComponent"],"duration":10,"failing":false,"failureDetails":[],"failureMessages":[],"fullName":"InventarioComponent should enable both salePrice and wastePercent for other types","invocations":1,"location":null,"numPassingAsserts":2,"retryReasons":[],"startAt":1777951668734,"status":"passed","title":"should enable both salePrice and wastePercent for other types"},{"ancestorTitles":["InventarioComponent"],"duration":10,"failing":false,"failureDetails":[],"failureMessages":[],"fullName":"InventarioComponent should clear componentsFormArray on type change","invocations":1,"location":null,"numPassingAsserts":1,"retryReasons":[],"startAt":1777951668744,"status":"passed","title":"should clear componentsFormArray on type change"},{"ancestorTitles":["InventarioComponent"],"duration":14,"failing":false,"failureDetails":[],"failureMessages":[],"fullName":"InventarioComponent should add a component with default values","invocations":1,"location":null,"numPassingAsserts":2,"retryReasons":[],"startAt":1777951668754,"status":"passed","title":"should add a component with default values"},{"ancestorTitles":["InventarioComponent"],"duration":13,"failing":false,"failureDetails":[],"failureMessages":[],"fullName":"InventarioComponent should remove a component by index","invocations":1,"location":null,"numPassingAsserts":1,"retryReasons":[],"startAt":1777951668768,"status":"passed","title":"should remove a component by index"},{"ancestorTitles":["InventarioComponent"],"duration":12,"failing":false,"failureDetails":[],"failureMessages":[],"fullName":"InventarioComponent should switch to add view mode","invocations":1,"location":null,"numPassingAsserts":1,"retryReasons":[],"startAt":1777951668782,"status":"passed","title":"should switch to add view mode"},{"ancestorTitles":["InventarioComponent"],"duration":10,"failing":false,"failureDetails":[],"failureMessages":[],"fullName":"InventarioComponent should clear composition array on openAddForm","invocations":1,"location":null,"numPassingAsserts":1,"retryReasons":[],"startAt":1777951668794,"status":"passed","title":"should clear composition array on openAddForm"},{"ancestorTitles":["InventarioComponent"],"duration":9,"failing":false,"failureDetails":[],"failureMessages":[],"fullName":"InventarioComponent should clear error message on openAddForm","invocations":1,"location":null,"numPassingAsserts":1,"retryReasons":[],"startAt":1777951668804,"status":"passed","title":"should clear error message on openAddForm"},{"ancestorTitles":["InventarioComponent"],"duration":9,"failing":false,"failureDetails":[],"failureMessages":[],"fullName":"InventarioComponent should switch to edit view mode","invocations":1,"location":null,"numPassingAsserts":1,"retryReasons":[],"startAt":1777951668813,"status":"passed","title":"should switch to edit view mode"},{"ancestorTitles":["InventarioComponent"],"duration":8,"failing":false,"failureDetails":[],"failureMessages":[],"fullName":"InventarioComponent should patch form values on openEditForm","invocations":1,"location":null,"numPassingAsserts":2,"retryReasons":[],"startAt":1777951668822,"status":"passed","title":"should patch form values on openEditForm"},{"ancestorTitles":["InventarioComponent"],"duration":9,"failing":false,"failureDetails":[],"failureMessages":[],"fullName":"InventarioComponent should not add composition when composition is empty","invocations":1,"location":null,"numPassingAsserts":1,"retryReasons":[],"startAt":1777951668830,"status":"passed","title":"should not add composition when composition is empty"},{"ancestorTitles":["InventarioComponent"],"duration":8,"failing":false,"failureDetails":[],"failureMessages":[],"fullName":"InventarioComponent should use productionCost when purchasePrice is missing","invocations":1,"location":null,"numPassingAsserts":1,"retryReasons":[],"startAt":1777951668839,"status":"passed","title":"should use productionCost when purchasePrice is missing"},{"ancestorTitles":["InventarioComponent"],"duration":9,"failing":false,"failureDetails":[],"failureMessages":[],"fullName":"InventarioComponent should switch back to list view mode on closeForm","invocations":1,"location":null,"numPassingAsserts":1,"retryReasons":[],"startAt":1777951668847,"status":"passed","title":"should switch back to list view mode on closeForm"},{"ancestorTitles":["InventarioComponent"],"duration":9,"failing":false,"failureDetails":[],"failureMessages":[],"fullName":"InventarioComponent should mark form as touched and not submit if invalid","invocations":1,"location":null,"numPassingAsserts":1,"retryReasons":[],"startAt":1777951668856,"status":"passed","title":"should mark form as touched and not submit if invalid"},{"ancestorTitles":["InventarioComponent"],"duration":11,"failing":false,"failureDetails":[],"failureMessages":[],"fullName":"InventarioComponent should call create when viewMode is add and form is valid","invocations":1,"location":null,"numPassingAsserts":1,"retryReasons":[],"startAt":1777951668865,"status":"passed","title":"should call create when viewMode is add and form is valid"},{"ancestorTitles":["InventarioComponent"],"duration":11,"failing":false,"failureDetails":[],"failureMessages":[],"fullName":"InventarioComponent should call addComposicion after create when product has composition","invocations":1,"location":null,"numPassingAsserts":1,"retryReasons":[],"startAt":1777951668876,"status":"passed","title":"should call addComposicion after create when product has composition"},{"ancestorTitles":["InventarioComponent"],"duration":10,"failing":false,"failureDetails":[],"failureMessages":[],"fullName":"InventarioComponent should NOT call addComposicion when id is 0","invocations":1,"location":null,"numPassingAsserts":1,"retryReasons":[],"startAt":1777951668887,"status":"passed","title":"should NOT call addComposicion when id is 0"},{"ancestorTitles":["InventarioComponent"],"duration":10,"failing":false,"failureDetails":[],"failureMessages":[],"fullName":"InventarioComponent should log error when create fails","invocations":1,"location":null,"numPassingAsserts":1,"retryReasons":[],"startAt":1777951668898,"status":"passed","title":"should log error when create fails"},{"ancestorTitles":["InventarioComponent"],"duration":12,"failing":false,"failureDetails":[],"failureMessages":[],"fullName":"InventarioComponent should log error when addComposicion fails","invocations":1,"location":null,"numPassingAsserts":1,"retryReasons":[],"startAt":1777951668908,"status":"passed","title":"should log error when addComposicion fails"},{"ancestorTitles":["InventarioComponent"],"duration":8,"failing":false,"failureDetails":[],"failureMessages":[],"fullName":"InventarioComponent should call update when viewMode is edit and form is valid","invocations":1,"location":null,"numPassingAsserts":1,"retryReasons":[],"startAt":1777951668920,"status":"passed","title":"should call update when viewMode is edit and form is valid"},{"ancestorTitles":["InventarioComponent"],"duration":8,"failing":false,"failureDetails":[],"failureMessages":[],"fullName":"InventarioComponent should show error when update fails","invocations":1,"location":null,"numPassingAsserts":1,"retryReasons":[],"startAt":1777951668928,"status":"passed","title":"should show error when update fails"},{"ancestorTitles":["InventarioComponent"],"duration":9,"failing":false,"failureDetails":[],"failureMessages":[],"fullName":"InventarioComponent should call openAddForm again when secondary action is chosen after create","invocations":1,"location":null,"numPassingAsserts":1,"retryReasons":[],"startAt":1777951668936,"status":"passed","title":"should call openAddForm again when secondary action is chosen after create"},{"ancestorTitles":["InventarioComponent"],"duration":9,"failing":false,"failureDetails":[],"failureMessages":[],"fullName":"InventarioComponent should go to list when dialog closes with primary action","invocations":1,"location":null,"numPassingAsserts":1,"retryReasons":[],"startAt":1777951668945,"status":"passed","title":"should go to list when dialog closes with primary action"},{"ancestorTitles":["InventarioComponent"],"duration":9,"failing":false,"failureDetails":[],"failureMessages":[],"fullName":"InventarioComponent should go to list when dialog closes with close action","invocations":1,"location":null,"numPassingAsserts":1,"retryReasons":[],"startAt":1777951668954,"status":"passed","title":"should go to list when dialog closes with close action"},{"ancestorTitles":["InventarioComponent"],"duration":9,"failing":false,"failureDetails":[{"matcherResult":{"message":"expect(jest.fn()).toHaveBeenCalledWith(...expected)\n\nExpected: \"1\"\n\nNumber of calls: 0","pass":false}}],"failureMessages":["Error: expect(jest.fn()).toHaveBeenCalledWith(...expected)\n\nExpected: \"1\"\n\nNumber of calls: 0\n    at Object.<anonymous> (/home/alejandro/Escritorio/Trabajo de campo/frontend-casualidad-app/src/app/inventario/inventario.spec.ts:429:41)\n    at Promise.finally.completed (/home/alejandro/Escritorio/Trabajo de campo/frontend-casualidad-app/node_modules/jest-circus/build/jestAdapterInit.js:1557:28)\n    at new Promise (<anonymous>)\n    at callAsyncCircusFn (/home/alejandro/Escritorio/Trabajo de campo/frontend-casualidad-app/node_modules/jest-circus/build/jestAdapterInit.js:1497:10)\n    at _callCircusTest (/home/alejandro/Escritorio/Trabajo de campo/frontend-casualidad-app/node_modules/jest-circus/build/jestAdapterInit.js:1007:40)\n    at processTicksAndRejections (node:internal/process/task_queues:103:5)\n    at _runTest (/home/alejandro/Escritorio/Trabajo de campo/frontend-casualidad-app/node_modules/jest-circus/build/jestAdapterInit.js:947:3)\n    at /home/alejandro/Escritorio/Trabajo de campo/frontend-casualidad-app/node_modules/jest-circus/build/jestAdapterInit.js:849:7\n    at _runTestsForDescribeBlock (/home/alejandro/Escritorio/Trabajo de campo/frontend-casualidad-app/node_modules/jest-circus/build/jestAdapterInit.js:862:11)\n    at _runTestsForDescribeBlock (/home/alejandro/Escritorio/Trabajo de campo/frontend-casualidad-app/node_modules/jest-circus/build/jestAdapterInit.js:857:11)\n    at run (/home/alejandro/Escritorio/Trabajo de campo/frontend-casualidad-app/node_modules/jest-circus/build/jestAdapterInit.js:761:3)\n    at runAndTransformResultsToJestFormat (/home/alejandro/Escritorio/Trabajo de campo/frontend-casualidad-app/node_modules/jest-circus/build/jestAdapterInit.js:1918:21)\n    at jestAdapter (/home/alejandro/Escritorio/Trabajo de campo/frontend-casualidad-app/node_modules/jest-circus/build/runner.js:101:19)\n    at runTestInternal (/home/alejandro/Escritorio/Trabajo de campo/frontend-casualidad-app/node_modules/jest-runner/build/testWorker.js:275:16)\n    at runTest (/home/alejandro/Escritorio/Trabajo de campo/frontend-casualidad-app/node_modules/jest-runner/build/testWorker.js:343:7)\n    at Object.worker (/home/alejandro/Escritorio/Trabajo de campo/frontend-casualidad-app/node_modules/jest-runner/build/testWorker.js:497:12)"],"fullName":"InventarioComponent should call delete service when confirmed","invocations":1,"location":null,"numPassingAsserts":0,"retryReasons":[],"startAt":1777951668963,"status":"failed","title":"should call delete service when confirmed"},{"ancestorTitles":["InventarioComponent"],"duration":9,"failing":false,"failureDetails":[],"failureMessages":[],"fullName":"InventarioComponent should NOT call delete service when dialog is cancelled","invocations":1,"location":null,"numPassingAsserts":1,"retryReasons":[],"startAt":1777951668986,"status":"passed","title":"should NOT call delete service when dialog is cancelled"},{"ancestorTitles":["InventarioComponent"],"duration":8,"failing":false,"failureDetails":[{"matcherResult":{"message":"expect(received).toBeTruthy()\n\nReceived: null","pass":false}}],"failureMessages":["Error: expect(received).toBeTruthy()\n\nReceived: null\n    at Object.<anonymous> (/home/alejandro/Escritorio/Trabajo de campo/frontend-casualidad-app/src/app/inventario/inventario.spec.ts:445:36)\n    at Promise.finally.completed (/home/alejandro/Escritorio/Trabajo de campo/frontend-casualidad-app/node_modules/jest-circus/build/jestAdapterInit.js:1557:28)\n    at new Promise (<anonymous>)\n    at callAsyncCircusFn (/home/alejandro/Escritorio/Trabajo de campo/frontend-casualidad-app/node_modules/jest-circus/build/jestAdapterInit.js:1497:10)\n    at _callCircusTest (/home/alejandro/Escritorio/Trabajo de campo/frontend-casualidad-app/node_modules/jest-circus/build/jestAdapterInit.js:1007:40)\n    at processTicksAndRejections (node:internal/process/task_queues:103:5)\n    at _runTest (/home/alejandro/Escritorio/Trabajo de campo/frontend-casualidad-app/node_modules/jest-circus/build/jestAdapterInit.js:947:3)\n    at /home/alejandro/Escritorio/Trabajo de campo/frontend-casualidad-app/node_modules/jest-circus/build/jestAdapterInit.js:849:7\n    at _runTestsForDescribeBlock (/home/alejandro/Escritorio/Trabajo de campo/frontend-casualidad-app/node_modules/jest-circus/build/jestAdapterInit.js:862:11)\n    at _runTestsForDescribeBlock (/home/alejandro/Escritorio/Trabajo de campo/frontend-casualidad-app/node_modules/jest-circus/build/jestAdapterInit.js:857:11)\n    at run (/home/alejandro/Escritorio/Trabajo de campo/frontend-casualidad-app/node_modules/jest-circus/build/jestAdapterInit.js:761:3)\n    at runAndTransformResultsToJestFormat (/home/alejandro/Escritorio/Trabajo de campo/frontend-casualidad-app/node_modules/jest-circus/build/jestAdapterInit.js:1918:21)\n    at jestAdapter (/home/alejandro/Escritorio/Trabajo de campo/frontend-casualidad-app/node_modules/jest-circus/build/runner.js:101:19)\n    at runTestInternal (/home/alejandro/Escritorio/Trabajo de campo/frontend-casualidad-app/node_modules/jest-runner/build/testWorker.js:275:16)\n    at runTest (/home/alejandro/Escritorio/Trabajo de campo/frontend-casualidad-app/node_modules/jest-runner/build/testWorker.js:343:7)\n    at Object.worker (/home/alejandro/Escritorio/Trabajo de campo/frontend-casualidad-app/node_modules/jest-runner/build/testWorker.js:497:12)"],"fullName":"InventarioComponent should set errorMessage when delete fails","invocations":1,"location":null,"numPassingAsserts":0,"retryReasons":[],"startAt":1777951668995,"status":"failed","title":"should set errorMessage when delete fails"},{"ancestorTitles":["InventarioComponent"],"duration":9,"failing":false,"failureDetails":[],"failureMessages":[],"fullName":"InventarioComponent should clear errorMessage at the start of openDeleteModal","invocations":1,"location":null,"numPassingAsserts":1,"retryReasons":[],"startAt":1777951669004,"status":"passed","title":"should clear errorMessage at the start of openDeleteModal"},{"ancestorTitles":["InventarioComponent"],"duration":8,"failing":false,"failureDetails":[],"failureMessages":[],"fullName":"InventarioComponent should call registrarEntrada when dialog returns a result","invocations":1,"location":null,"numPassingAsserts":1,"retryReasons":[],"startAt":1777951669013,"status":"passed","title":"should call registrarEntrada when dialog returns a result"},{"ancestorTitles":["InventarioComponent"],"duration":7,"failing":false,"failureDetails":[],"failureMessages":[],"fullName":"InventarioComponent should NOT call registrarEntrada when entrada dialog is cancelled","invocations":1,"location":null,"numPassingAsserts":1,"retryReasons":[],"startAt":1777951669021,"status":"passed","title":"should NOT call registrarEntrada when entrada dialog is cancelled"},{"ancestorTitles":["InventarioComponent"],"duration":9,"failing":false,"failureDetails":[],"failureMessages":[],"fullName":"InventarioComponent should log error when registrarEntrada fails","invocations":1,"location":null,"numPassingAsserts":1,"retryReasons":[],"startAt":1777951669028,"status":"passed","title":"should log error when registrarEntrada fails"},{"ancestorTitles":["InventarioComponent"],"duration":7,"failing":false,"failureDetails":[],"failureMessages":[],"fullName":"InventarioComponent should call ajustarInventario when dialog returns a result","invocations":1,"location":null,"numPassingAsserts":1,"retryReasons":[],"startAt":1777951669037,"status":"passed","title":"should call ajustarInventario when dialog returns a result"},{"ancestorTitles":["InventarioComponent"],"duration":15,"failing":false,"failureDetails":[],"failureMessages":[],"fullName":"InventarioComponent should NOT call ajustarInventario when ajuste dialog is cancelled","invocations":1,"location":null,"numPassingAsserts":1,"retryReasons":[],"startAt":1777951669045,"status":"passed","title":"should NOT call ajustarInventario when ajuste dialog is cancelled"},{"ancestorTitles":["InventarioComponent"],"duration":9,"failing":false,"failureDetails":[],"failureMessages":[],"fullName":"InventarioComponent should log error when ajustarInventario fails","invocations":1,"location":null,"numPassingAsserts":1,"retryReasons":[],"startAt":1777951669060,"status":"passed","title":"should log error when ajustarInventario fails"},{"ancestorTitles":["InventarioComponent"],"duration":8,"failing":false,"failureDetails":[],"failureMessages":[],"fullName":"InventarioComponent filterPredicate should match by name","invocations":1,"location":null,"numPassingAsserts":1,"retryReasons":[],"startAt":1777951669070,"status":"passed","title":"filterPredicate should match by name"},{"ancestorTitles":["InventarioComponent"],"duration":20,"failing":false,"failureDetails":[],"failureMessages":[],"fullName":"InventarioComponent filterPredicate should match by id","invocations":1,"location":null,"numPassingAsserts":1,"retryReasons":[],"startAt":1777951669078,"status":"passed","title":"filterPredicate should match by id"},{"ancestorTitles":["InventarioComponent"],"duration":8,"failing":false,"failureDetails":[],"failureMessages":[],"fullName":"InventarioComponent filterPredicate should filter by lowstock","invocations":1,"location":null,"numPassingAsserts":2,"retryReasons":[],"startAt":1777951669099,"status":"passed","title":"filterPredicate should filter by lowstock"},{"ancestorTitles":["InventarioComponent"],"duration":7,"failing":false,"failureDetails":[],"failureMessages":[],"fullName":"InventarioComponent filterPredicate should filter by category","invocations":1,"location":null,"numPassingAsserts":2,"retryReasons":[],"startAt":1777951669107,"status":"passed","title":"filterPredicate should filter by category"},{"ancestorTitles":["InventarioComponent"],"duration":6,"failing":false,"failureDetails":[],"failureMessages":[],"fullName":"InventarioComponent filterPredicate should pass all when category filter has no selectedCategory","invocations":1,"location":null,"numPassingAsserts":1,"retryReasons":[],"startAt":1777951669114,"status":"passed","title":"filterPredicate should pass all when category filter has no selectedCategory"},{"ancestorTitles":["InventarioComponent"],"duration":7,"failing":false,"failureDetails":[],"failureMessages":[],"fullName":"InventarioComponent sortingDataAccessor should return lowercase name","invocations":1,"location":null,"numPassingAsserts":1,"retryReasons":[],"startAt":1777951669120,"status":"passed","title":"sortingDataAccessor should return lowercase name"},{"ancestorTitles":["InventarioComponent"],"duration":6,"failing":false,"failureDetails":[],"failureMessages":[],"fullName":"InventarioComponent sortingDataAccessor should return type","invocations":1,"location":null,"numPassingAsserts":1,"retryReasons":[],"startAt":1777951669127,"status":"passed","title":"sortingDataAccessor should return type"},{"ancestorTitles":["InventarioComponent"],"duration":8,"failing":false,"failureDetails":[],"failureMessages":[],"fullName":"InventarioComponent sortingDataAccessor should return stock","invocations":1,"location":null,"numPassingAsserts":1,"retryReasons":[],"startAt":1777951669133,"status":"passed","title":"sortingDataAccessor should return stock"},{"ancestorTitles":["InventarioComponent"],"duration":7,"failing":false,"failureDetails":[],"failureMessages":[],"fullName":"InventarioComponent sortingDataAccessor should return empty string for unknown property","invocations":1,"location":null,"numPassingAsserts":1,"retryReasons":[],"startAt":1777951669141,"status":"passed","title":"sortingDataAccessor should return empty string for unknown property"}],"endTime":1777951669163,"message":"  ● InventarioComponent › should call delete service when confirmed\n\n    expect(jest.fn()).toHaveBeenCalledWith(...expected)\n\n    Expected: \"1\"\n\n    Number of calls: 0\n\n      427 |     mockDialog.open.mockReturnValue(dialogRefStub(true));\n      428 |     component.openDeleteModal(makeProduct());\n    > 429 |     expect(mockInventoryService.delete).toHaveBeenCalledWith('1');\n          |                                         ^\n      430 |   });\n      431 |\n      432 |   it('should NOT call delete service when dialog is cancelled', () => {\n\n      at Object.<anonymous> (src/app/inventario/inventario.spec.ts:429:41)\n\n  ● InventarioComponent › should set errorMessage when delete fails\n\n    expect(received).toBeTruthy()\n\n    Received: null\n\n      443 |     const consoleSpy = jest.spyOn(console, 'error').mockImplementation(() => { });\n      444 |     component.openDeleteModal(makeProduct());\n    > 445 |     expect(component.errorMessage).toBeTruthy();\n          |                                    ^\n      446 |     consoleSpy.mockRestore();\n      447 |   });\n      448 |\n\n      at Object.<anonymous> (src/app/inventario/inventario.spec.ts:445:36)\n","name":"/home/alejandro/Escritorio/Trabajo de campo/frontend-casualidad-app/src/app/inventario/inventario.spec.ts","startTime":1777951665728,"status":"failed","summary":""},{"assertionResults":[{"ancestorTitles":["PedidosComponent"],"duration":209,"failing":false,"failureDetails":[],"failureMessages":[],"fullName":"PedidosComponent should create the component","invocations":1,"location":null,"numPassingAsserts":1,"retryReasons":[],"startAt":1777951668248,"status":"passed","title":"should create the component"},{"ancestorTitles":["PedidosComponent"],"duration":43,"failing":false,"failureDetails":[],"failureMessages":[],"fullName":"PedidosComponent should start in list view mode","invocations":1,"location":null,"numPassingAsserts":1,"retryReasons":[],"startAt":1777951668457,"status":"passed","title":"should start in list view mode"},{"ancestorTitles":["PedidosComponent"],"duration":54,"failing":false,"failureDetails":[],"failureMessages":[],"fullName":"PedidosComponent should open add form when queryParam new=true","invocations":1,"location":null,"numPassingAsserts":1,"retryReasons":[],"startAt":1777951668501,"status":"passed","title":"should open add form when queryParam new=true"},{"ancestorTitles":["PedidosComponent"],"duration":23,"failing":false,"failureDetails":[],"failureMessages":[],"fullName":"PedidosComponent should populate dataSource on loadOrders","invocations":1,"location":null,"numPassingAsserts":1,"retryReasons":[],"startAt":1777951668556,"status":"passed","title":"should populate dataSource on loadOrders"},{"ancestorTitles":["PedidosComponent"],"duration":18,"failing":false,"failureDetails":[],"failureMessages":[],"fullName":"PedidosComponent should log error when loadOrders fails","invocations":1,"location":null,"numPassingAsserts":1,"retryReasons":[],"startAt":1777951668579,"status":"passed","title":"should log error when loadOrders fails"},{"ancestorTitles":["PedidosComponent"],"duration":24,"failing":false,"failureDetails":[],"failureMessages":[],"fullName":"PedidosComponent should map clients from loadClients","invocations":1,"location":null,"numPassingAsserts":2,"retryReasons":[],"startAt":1777951668597,"status":"passed","title":"should map clients from loadClients"},{"ancestorTitles":["PedidosComponent"],"duration":19,"failing":false,"failureDetails":[],"failureMessages":[],"fullName":"PedidosComponent should log error when loadClients fails","invocations":1,"location":null,"numPassingAsserts":1,"retryReasons":[],"startAt":1777951668622,"status":"passed","title":"should log error when loadClients fails"},{"ancestorTitles":["PedidosComponent"],"duration":19,"failing":false,"failureDetails":[],"failureMessages":[],"fullName":"PedidosComponent should map products from loadProducts","invocations":1,"location":null,"numPassing
[...]
"name":"(anonymous_17)","decl":{"start":{"line":169,"column":2},"end":{"line":169,"column":15}},"loc":{"start":{"line":169,"column":15},"end":{"line":186,"column":3}}},"18":{"name":"(anonymous_18)","decl":{"start":{"line":172,"column":12},"end":{"line":172,"column":15}},"loc":{"start":{"line":172,"column":17},"end":{"line":177,"column":7}}},"19":{"name":"(anonymous_19)","decl":{"start":{"line":178,"column":13},"end":{"line":178,"column":14}},"loc":{"start":{"line":178,"column":21},"end":{"line":184,"column":7}}},"20":{"name":"(anonymous_20)","decl":{"start":{"line":188,"column":2},"end":{"line":188,"column":19}},"loc":{"start":{"line":188,"column":19},"end":{"line":192,"column":3}}},"21":{"name":"(anonymous_21)","decl":{"start":{"line":194,"column":2},"end":{"line":194,"column":17}},"loc":{"start":{"line":194,"column":17},"end":{"line":198,"column":3}}},"22":{"name":"(anonymous_22)","decl":{"start":{"line":201,"column":2},"end":{"line":201,"column":13}},"loc":{"start":{"line":201,"column":13},"end":{"line":208,"column":3}}},"23":{"name":"(anonymous_23)","decl":{"start":{"line":210,"column":2},"end":{"line":210,"column":14}},"loc":{"start":{"line":210,"column":32},"end":{"line":228,"column":3}}},"24":{"name":"(anonymous_24)","decl":{"start":{"line":221,"column":28},"end":{"line":221,"column":29}},"loc":{"start":{"line":221,"column":33},"end":{"line":221,"column":99}}},"25":{"name":"(anonymous_25)","decl":{"start":{"line":230,"column":2},"end":{"line":230,"column":11}},"loc":{"start":{"line":230,"column":11},"end":{"line":233,"column":3}}},"26":{"name":"(anonymous_26)","decl":{"start":{"line":235,"column":2},"end":{"line":235,"column":12}},"loc":{"start":{"line":235,"column":12},"end":{"line":286,"column":3}}},"27":{"name":"(anonymous_27)","decl":{"start":{"line":244,"column":14},"end":{"line":244,"column":17}},"loc":{"start":{"line":244,"column":19},"end":{"line":272,"column":9}}},"28":{"name":"(anonymous_28)","decl":{"start":{"line":259,"column":44},"end":{"line":259,"column":50}},"loc":{"start":{"line":259,"column":53},"end":{"line":271,"column":11}}},"29":{"name":"(anonymous_29)","decl":{"start":{"line":273,"column":15},"end":{"line":273,"column":16}},"loc":{"start":{"line":273,"column":23},"end":{"line":281,"column":9}}}},"branchMap":{"0":{"loc":{"start":{"line":97,"column":4},"end":{"line":99,"column":5}},"type":"if","locations":[{"start":{"line":97,"column":4},"end":{"line":99,"column":5}},{"start":{},"end":{}}]},"1":{"loc":{"start":{"line":105,"column":6},"end":{"line":108,"column":7}},"type":"if","locations":[{"start":{"line":105,"column":6},"end":{"line":108,"column":7}},{"start":{},"end":{}}]},"2":{"loc":{"start":{"line":119,"column":6},"end":{"line":124,"column":7}},"type":"switch","locations":[{"start":{"line":120,"column":8},"end":{"line":120,"column":52}},{"start":{"line":121,"column":8},"end":{"line":121,"column":54}},{"start":{"line":122,"column":8},"end":{"line":122,"column":56}},{"start":{"line":123,"column":8},"end":{"line":123,"column":92}}]},"3":{"loc":{"start":{"line":121,"column":32},"end":{"line":121,"column":53}},"type":"cond-expr","locations":[{"start":{"line":121,"column":48},"end":{"line":121,"column":49}},{"start":{"line":121,"column":52},"end":{"line":121,"column":53}}]},"4":{"loc":{"start":{"line":123,"column":25},"end":{"line":123,"column":91}},"type":"binary-expr","locations":[{"start":{"line":123,"column":25},"end":{"line":123,"column":85}},{"start":{"line":123,"column":89},"end":{"line":123,"column":91}}]},"5":{"loc":{"start":{"line":128,"column":13},"end":{"line":128,"column":95}},"type":"binary-expr","locations":[{"start":{"line":128,"column":13},"end":{"line":128,"column":53}},{"start":{"line":128,"column":57},"end":{"line":128,"column":95}}]},"6":{"loc":{"start":{"line":145,"column":4},"end":{"line":147,"column":5}},"type":"if","locations":[{"start":{"line":145,"column":4},"end":{"line":147,"column":5}},{"start":{},"end":{}}]},"7":{"loc":{"start":{"line":158,"column":4},"end":{"line":158,"column":51}},"type":"if","locations":[{"start":{"line":158,"column":4},"end":{"line":158,"column":51}},{"start":{},"end":{}}]},"8":{"loc":{"start":{"line":170,"column":4},"end":{"line":170,"column":37}},"type":"if","locations":[{"start":{"line":170,"column":4},"end":{"line":170,"column":37}},{"start":{},"end":{}}]},"9":{"loc":{"start":{"line":220,"column":4},"end":{"line":224,"column":5}},"type":"if","locations":[{"start":{"line":220,"column":4},"end":{"line":224,"column":5}},{"start":{"line":222,"column":11},"end":{"line":224,"column":5}}]},"10":{"loc":{"start":{"line":220,"column":8},"end":{"line":220,"column":49}},"type":"binary-expr","locations":[{"start":{"line":220,"column":8},"end":{"line":220,"column":21}},{"start":{"line":220,"column":25},"end":{"line":220,"column":49}}]},"11":{"loc":{"start":{"line":237,"column":4},"end":{"line":285,"column":5}},"type":"if","locations":[{"start":{"line":237,"column":4},"end":{"line":285,"column":5}},{"start":{"line":283,"column":11},"end":{"line":285,"column":5}}]},"12":{"loc":{"start":{"line":239,"column":22},"end":{"line":241,"column":47}},"type":"cond-expr","locations":[{"start":{"line":240,"column":10},"end":{"line":240,"column":62}},{"start":{"line":241,"column":10},"end":{"line":241,"column":47}}]},"13":{"loc":{"start":{"line":250,"column":21},"end":{"line":250,"column":91}},"type":"cond-expr","locations":[{"start":{"line":250,"column":30},"end":{"line":250,"column":51}},{"start":{"line":250,"column":54},"end":{"line":250,"column":91}}]},"14":{"loc":{"start":{"line":251,"column":23},"end":{"line":251,"column":131}},"type":"cond-expr","locations":[{"start":{"line":251,"column":32},"end":{"line":251,"column":79}},{"start":{"line":251,"column":82},"end":{"line":251,"column":131}}]},"15":{"loc":{"start":{"line":254,"column":34},"end":{"line":254,"column":103}},"type":"cond-expr","locations":[{"start":{"line":254,"column":66},"end":{"line":254,"column":85}},{"start":{"line":254,"column":88},"end":{"line":254,"column":103}}]},"16":{"loc":{"start":{"line":254,"column":34},"end":{"line":254,"column":63}},"type":"binary-expr","locations":[{"start":{"line":254,"column":34},"end":{"line":254,"column":52}},{"start":{"line":254,"column":56},"end":{"line":254,"column":63}}]},"17":{"loc":{"start":{"line":255,"column":36},"end":{"line":255,"column":83}},"type":"cond-expr","locations":[{"start":{"line":255,"column":45},"end":{"line":255,"column":62}},{"start":{"line":255,"column":65},"end":{"line":255,"column":83}}]},"18":{"loc":{"start":{"line":260,"column":12},"end":{"line":263,"column":13}},"type":"if","locations":[{"start":{"line":260,"column":12},"end":{"line":263,"column":13}},{"start":{},"end":{}}]},"19":{"loc":{"start":{"line":260,"column":16},"end":{"line":260,"column":45}},"type":"binary-expr","locations":[{"start":{"line":260,"column":16},"end":{"line":260,"column":34}},{"start":{"line":260,"column":38},"end":{"line":260,"column":45}}]},"20":{"loc":{"start":{"line":265,"column":12},"end":{"line":269,"column":13}},"type":"if","locations":[{"start":{"line":265,"column":12},"end":{"line":269,"column":13}},{"start":{"line":267,"column":19},"end":{"line":269,"column":13}}]},"21":{"loc":{"start":{"line":265,"column":16},"end":{"line":265,"column":83}},"type":"binary-expr","locations":[{"start":{"line":265,"column":16},"end":{"line":265,"column":23}},{"start":{"line":265,"column":27},"end":{"line":265,"column":54}},{"start":{"line":265,"column":58},"end":{"line":265,"column":83}}]},"22":{"loc":{"start":{"line":267,"column":19},"end":{"line":269,"column":13}},"type":"if","locations":[{"start":{"line":267,"column":19},"end":{"line":269,"column":13}},{"start":{},"end":{}}]},"23":{"loc":{"start":{"line":267,"column":23},"end":{"line":267,"column":63}},"type":"binary-expr","locations":[{"start":{"line":267,"column":23},"end":{"line":267,"column":52}},{"start":{"line":267,"column":56},"end":{"line":267,"column":63}}]},"24":{"loc":{"start":{"line":275,"column":10},"end":{"line":279,"column":11}},"type":"if","locations":[{"start":{"line":275,"column":10},"end":{"line":279,"column":11}},{"start":{"line":277,"column":17},"end":{"line":279,"column":11}}]},"25":{"loc":{"start":{"line":275,"column":14},"end":{"line":275,"column":76}},"type":"binary-expr","locations":[{"start":{"line":275,"column":14},"end":{"line":275,"column":32}},{"start":{"line":275,"column":36},"end":{"line":275,"column":54}},{"start":{"line":275,"column":58},"end":{"line":275,"column":76}}]}},"s":{"0":1,"1":46,"2":46,"3":46,"4":46,"5":46,"6":46,"7":46,"8":46,"9":46,"10":46,"11":46,"12":46,"13":46,"14":46,"15":46,"16":46,"17":46,"18":46,"19":46,"20":46,"21":46,"22":0,"23":0,"24":46,"25":73,"26":4,"27":2,"28":1,"29":46,"30":46,"31":46,"32":0,"33":0,"34":46,"35":46,"36":46,"37":5,"38":1,"39":2,"40":1,"41":1,"42":46,"43":3,"44":55,"45":54,"46":54,"47":54,"48":1,"49":2,"50":2,"51":1,"52":1,"53":2,"54":1,"55":1,"56":1,"57":1,"58":3,"59":3,"60":3,"61":1,"62":2,"63":1,"64":1,"65":1,"66":1,"67":1,"68":1,"69":1,"70":1,"71":1,"72":1,"73":1,"74":1,"75":1,"76":1,"77":1,"78":16,"79":16,"80":16,"81":16,"82":16,"83":16,"84":7,"85":7,"86":7,"87":7,"88":6,"89":8,"90":1,"91":7,"92":7,"93":1,"94":1,"95":11,"96":11,"97":10,"98":10,"99":10,"100":6,"101":6,"102":6,"103":6,"104":6,"105":0,"106":0,"107":6,"108":4,"109":2,"110":1,"111":6,"112":4,"113":4,"114":3,"115":1,"116":4,"117":1,"118":1,"119":1,"120":1},"f":{"0":46,"1":0,"2":73,"3":4,"4":2,"5":46,"6":46,"7":46,"8":5,"9":3,"10":55,"11":54,"12":1,"13":2,"14":1,"15":2,"16":3,"17":3,"18":1,"19":1,"20":1,"21":1,"22":16,"23":7,"24":8,"25":1,"26":11,"27":6,"28":6,"29":4},"b":{"0":[1,1],"1":[0,46],"2":[1,2,1,1],"3":[1,1],"4":[1,1],"5":[3,2],"6":[1,1],"7":[1,1],"8":[1,2],"9":[6,1],"10":[7,7],"11":[10,1],"12":[2,8],"13":[2,4],"14":[2,4],"15":[0,6],"16":[6,0],"17":[2,4],"18":[0,6],"19":[6,0],"20":[4,2],"21":[6,5,2],"22":[1,1],"23":[2,2],"24":[3,1],"25":[4,3,2]}},"/home/alejandro/Escritorio/Trabajo de campo/frontend-casualidad-app/src/app/reportes/reportes.ts":{"path":"/home/alejandro/Escritorio/Trabajo de campo/frontend-casualidad-app/src/app/reportes/reportes.ts","statementMap":{"0":{"start":{"line":18,"column":7},"end":{"line":137,"column":null}},"1":{"start":{"line":19,"column":10},"end":{"line":19,"column":50}},"2":{"start":{"line":20,"column":10},"end":{"line":20,"column":42}},"3":{"start":{"line":21,"column":10},"end":{"line":21,"column":42}},"4":{"start":{"line":23,"column":2},"end":{"line":30,"column":4}},"5":{"start":{"line":32,"column":2},"end":{"line":32,"column":61}},"6":{"start":{"line":33,"column":2},"end":{"line":33,"column":96}},"7":{"start":{"line":38,"column":2},"end":{"line":38,"column":36}},"8":{"start":{"line":41,"column":4},"end":{"line":41,"column":25}},"9":{"start":{"line":42,"column":4},"end":{"line":42,"column":23}},"10":{"start":{"line":46,"column":4},"end":{"line":46,"column":47}},"11":{"start":{"line":47,"column":4},"end":{"line":47,"column":37}},"12":{"start":{"line":51,"column":4},"end":{"line":51,"column":54}},"13":{"start":{"line":51,"column":45},"end":{"line":51,"column":54}},"14":{"start":{"line":52,"column":4},"end":{"line":52,"column":79}},"15":{"start":{"line":56,"column":4},"end":{"line":56,"column":54}},"16":{"start":{"line":56,"column":45},"end":{"line":56,"column":54}},"17":{"start":{"line":57,"column":4},"end":{"line":57,"column":83}},"18":{"start":{"line":61,"column":4},"end":{"line":61,"column":25}},"19":{"start":{"line":65,"column":4},"end":{"line":75,"column":9}},"20":{"start":{"line":69,"column":10},"end":{"line":69,"column":64}},"21":{"start":{"line":70,"column":10},"end":{"line":70,"column":63}},"22":{"start":{"line":71,"column":10},"end":{"line":71,"column":72}},"23":{"start":{"line":72,"column":10},"end":{"line":72,"column":35}},"24":{"start":{"line":74,"column":29},"end":{"line":74,"column":75}},"25":{"start":{"line":79,"column":4},"end":{"line":102,"column":9}},"26":{"start":{"line":83,"column":26},"end":{"line":83,"column":43}},"27":{"start":{"line":84,"column":46},"end":{"line":97,"column":12}},"28":{"start":{"line":85,"column":34},"end":{"line":85,"column":58}},"29":{"start":{"line":86,"column":30},"end":{"line":86,"column":75}},"30":{"start":{"line":87,"column":30},"end":{"line":87,"column":73}},"31":{"start":{"line":88,"column":13},"end":{"line":96,"column":15}},"32":{"start":{"line":98,"column":10},"end":{"line":98,"column":40}},"33":{"start":{"line":99,"column":10},"end":{"line":99,"column":35}},"34":{"start":{"line":101,"column":29},"end":{"line":101,"column":73}},"35":{"start":{"line":106,"column":4},"end":{"line":116,"column":7}},"36":{"start":{"line":108,"column":20},"end":{"line":108,"column":52}},"37":{"start":{"line":109,"column":18},"end":{"line":109,"column":45}},"38":{"start":{"line":110,"column":8},"end":{"line":110,"column":21}},"39":{"start":{"line":111,"column":8},"end":{"line":111,"column":88}},"40":{"start":{"line":112,"column":8},"end":{"line":112,"column":18}},"41":{"start":{"line":113,"column":8},"end":{"line":113,"column":40}},"42":{"start":{"line":115,"column":27},"end":{"line":115,"column":66}},"43":{"start":{"line":121,"column":4},"end":{"line":126,"column":5}},"44":{"start":{"line":122,"column":14},"end":{"line":122,"column":50}},"45":{"start":{"line":123,"column":14},"end":{"line":123,"column":54}},"46":{"start":{"line":124,"column":14},"end":{"line":124,"column":62}},"47":{"start":{"line":125,"column":15},"end":{"line":125,"column":56}},"48":{"start":{"line":130,"column":4},"end":{"line":135,"column":5}},"49":{"start":{"line":131,"column":14},"end":{"line":131,"column":34}},"50":{"start":{"line":132,"column":14},"end":{"line":132,"column":36}},"51":{"start":{"line":133,"column":14},"end":{"line":133,"column":45}},"52":{"start":{"line":134,"column":15},"end":{"line":134,"column":39}},"53":{"start":{"line":35,"column":27},"end":{"line":35,"column":null}},"54":{"start":{"line":36,"column":22},"end":{"line":36,"column":null}},"55":{"start":{"line":18,"column":13},"end":{"line":137,"column":null}}},"fnMap":{"0":{"name":"(anonymous_0)","decl":{"start":{"line":18,"column":7},"end":{"line":18,"column":13}},"loc":{"start":{"line":18,"column":7},"end":{"line":137,"column":1}}},"1":{"name":"(anonymous_1)","decl":{"start":{"line":40,"column":2},"end":{"line":40,"column":10}},"loc":{"start":{"line":40,"column":10},"end":{"line":43,"column":3}}},"2":{"name":"(anonymous_2)","decl":{"start":{"line":45,"column":2},"end":{"line":45,"column":17}},"loc":{"start":{"line":45,"column":17},"end":{"line":48,"column":3}}},"3":{"name":"(anonymous_3)","decl":{"start":{"line":50,"column":2},"end":{"line":50,"column":6}},"loc":{"start":{"line":50,"column":20},"end":{"line":53,"column":3}}},"4":{"name":"(anonymous_4)","decl":{"start":{"line":55,"column":2},"end":{"line":55,"column":6}},"loc":{"start":{"line":55,"column":24},"end":{"line":58,"column":3}}},"5":{"name":"(anonymous_5)","decl":{"start":{"line":60,"column":2},"end":{"line":60,"column":14}},"loc":{"start":{"line":60,"column":14},"end":{"line":62,"column":3}}},"6":{"name":"(anonymous_6)","decl":{"start":{"line":64,"column":2},"end":{"line":64,"column":15}},"loc":{"start":{"line":64,"column":15},"end":{"line":76,"column":3}}},"7":{"name":"(anonymous_7)","decl":{"start":{"line":68,"column":14},"end":{"line":68,"column":15}},"loc":{"start":{"line":68,"column":27},"end":{"line":73,"column":9}}},"8":{"name":"(anonymous_8)","decl":{"start":{"line":74,"column":15},"end":{"line":74,"column":16}},"loc":{"start":{"line":74,"column":29},"end":{"line":74,"column":75}}},"9":{"name":"(anonymous_9)","decl":{"start":{"line":78,"column":2},"end":{"line":78,"column":13}},"loc":{"start":{"line":78,"column":13},"end":{"line":103,"column":3}}},"10":{"name":"(anonymous_10)","decl":{"start":{"line":82,"column":14},"end":{"line":82,"column":15}},"loc":{"start":{"line":82,"column":27},"end":{"line":100,"column":9}}},"11":{"name":"(anonymous_11)","decl":{"start":{"line":84,"column":58},"end":{"line":84,"column":59}},"loc":{"start":{"line":84,"column":69},"end":{"line":97,"column":11}}},"12":{"name":"(anonymous_12)","decl":{"start":{"line":101,"column":15},"end":{"line":101,"column":16}},"loc":{"start":{"line":101,"column":29},"end":{"line":101,"column":73}}},"13":{"name":"(anonymous_13)","decl":{"start":{"line":105,"column":2},"end":{"line":105,"column":13}},"loc":{"start":{"line":105,"column":13},"end":{"line":117,"column":3}}},"14":{"name":"(anonymous_14)","decl":{"start":{"line":107,"column":12},"end":{"line":107,"column":13}},"loc":{"start":{"line":107,"column":27},"end":{"line":114,"column":7}}},"15":{"name":"(anonymous_15)","decl":{"start":{"line":115,"column":13},"end":{"line":115,"column":14}},"loc":{"start":{"line":115,"column":27},"end":{"line":115,"column":66}}},"16":{"name":"(anonymous_16)","decl":{"start":{"line":120,"column":2},"end":{"line":120,"column":19}},"loc":{"start":{"line":120,"column":32},"end":{"line":127,"column":3}}},"17":{"name":"(anonymous_17)","decl":{"start":{"line":129,"column":2},"end":{"line":129,"column":22}},"loc":{"start":{"line":129,"column":35},"end":{"line":136,"column":3}}}},"branchMap":{"0":{"loc":{"start":{"line":51,"column":4},"end":{"line":51,"column":54}},"type":"if","locations":[{"start":{"line":51,"column":4},"end":{"line":51,"column":54}},{"start":{},"end":{}}]},"1":{"loc":{"start":{"line":56,"column":4},"end":{"line":56,"column":54}},"type":"if","locations":[{"start":{"line":56,"column":4},"end":{"line":56,"column":54}},{"start":{},"end":{}}]},"2":{"loc":{"start":{"line":69,"column":42},"end":{"line":69,"column":63}},"type":"binary-expr","locations":[{"start":{"line":69,"column":42},"end":{"line":69,"column":58}},{"start":{"line":69,"column":62},"end":{"line":69,"column":63}}]},"3":{"loc":{"start":{"line":70,"column":40},"end":{"line":70,"column":62}},"type":"binary-expr","locations":[{"start":{"line":70,"column":40},"end":{"line":70,"column":57}},{"start":{"line":70,"column":61},"end":{"line":70,"column":62}}]},"4":{"loc":{"start":{"line":71,"column":44},"end":{"line":71,"column":71}},"type":"binary-expr","locations":[{"start":{"line":71,"column":44},"end":{"line":71,"column":66}},{"start":{"line":71,"column":70},"end":{"line":71,"column":71}}]},"5":{"loc":{"start":{"line":83,"column":26},"end":{"line":83,"column":43}},"type":"binary-expr","locations":[{"start":{"line":83,"column":26},"end":{"line":83,"column":37}},{"start":{"line":83,"column":41},"end":{"line":83,"column":43}}]},"6":{"loc":{"start":{"line":90,"column":26},"end":{"line":90,"column":62}},"type":"binary-expr","locations":[{"start":{"line":90,"column":26},"end":{"line":90,"column":40}},{"start":{"line":90,"column":44},"end":{"line":90,"column":62}}]},"7":{"loc":{"start":{"line":121,"column":4},"end":{"line":126,"column":5}},"type":"switch","locations":[{"start":{"line":122,"column":6},"end":{"line":122,"column":50}},{"start":{"line":123,"column":6},"end":{"line":123,"column":54}},{"start":{"line":124,"column":6},"end":{"line":124,"column":62}},{"start":{"line":125,"column":6},"end":{"line":125,"column":56}}]},"8":{"loc":{"start":{"line":130,"column":4},"end":{"line":135,"column":5}},"type":"switch","locations":[{"start":{"line":131,"column":6},"end":{"line":131,"column":34}},{"start":{"line":132,"column":6},"end":{"line":132,"column":36}},{"start":{"line":133,"column":6},"end":{"line":133,"column":45}},{"start":{"line":134,"column":6},"end":{"line":134,"column":39}}]}},"s":{"0":1,"1":7,"2":7,"3":7,"4":7,"5":7,"6":7,"7":7,"8":7,"9":7,"10":7,"11":7,"12":2,"13":1,"14":1,"15":2,"16":1,"17":1,"18":1,"19":8,"20":0,"21":0,"22":0,"23":0,"24":7,"25":7,"26":0,"27":0,"28":0,"29":0,"30":0,"31":0,"32":0,"33":0,"34":7,"35":0,"36":0,"37":0,"38":0,"39":0,"40":0,"41":0,"42":0,"43":4,"44":1,"45":1,"46":1,"47":1,"48":4,"49":1,"50":1,"51":1,"52":1,"53":1,"54":1,"55":1},"f":{"0":7,"1":7,"2":7,"3":2,"4":2,"5":1,"6":8,"7":0,"8":7,"9":7,"10":0,"11":0,"12":7,"13":0,"14":0,"15":0,"16":4,"17":4},"b":{"0":[1,1],"1":[1,1],"2":[0,0],"3":[0,0],"4":[0,0],"5":[0,0],"6":[0,0],"7":[1,1,1,1],"8":[1,1,1,1]}}}}
